<?xml version="1.0" encoding="UTF-8"?>
<!-- Generated by org.testng.reporters.JUnitXMLReporter -->
<testsuite hostname="Sheenas-MacBook-Air.local" ignored="0" name="Test" tests="5721" failures="0" timestamp="2022-03-26T19:06:46 PDT" time="28248.923" errors="0">
  <testcase name="checkCases" time="5.964" classname="EADCheckTimeTests.CheckCaseStatusTracking"/>
  <testcase name="checkCases" time="3.659" classname="EADCheckTimeTests.CheckCaseStatusTracking"/>
  <testcase name="checkCases" time="4.652" classname="EADCheckTimeTests.CheckCaseStatusTracking"/>
  <testcase name="checkCases" time="3.651" classname="EADCheckTimeTests.CheckCaseStatusTracking"/>
  <testcase name="checkCases" time="2.726" classname="EADCheckTimeTests.CheckCaseStatusTracking"/>
  <testcase name="checkCases" time="4.815" classname="EADCheckTimeTests.CheckCaseStatusTracking"/>
  <testcase name="checkCases" time="3.374" classname="EADCheckTimeTests.CheckCaseStatusTracking"/>
  <testcase name="checkCases" time="3.269" classname="EADCheckTimeTests.CheckCaseStatusTracking"/>
  <testcase name="checkCases" time="4.342" classname="EADCheckTimeTests.CheckCaseStatusTracking"/>
  <testcase name="checkCases" time="2.752" classname="EADCheckTimeTests.CheckCaseStatusTracking"/>
  <testcase name="checkCases" time="5.767" classname="EADCheckTimeTests.CheckCaseStatusTracking"/>
  <testcase name="checkCases" time="3.993" classname="EADCheckTimeTests.CheckCaseStatusTracking"/>
  <testcase name="checkCases" time="3.842" classname="EADCheckTimeTests.CheckCaseStatusTracking"/>
  <testcase name="checkCases" time="3.684" classname="EADCheckTimeTests.CheckCaseStatusTracking"/>
  <testcase name="checkCases" time="5.096" classname="EADCheckTimeTests.CheckCaseStatusTracking"/>
  <testcase name="checkCases" time="3.742" classname="EADCheckTimeTests.CheckCaseStatusTracking"/>
  <testcase name="checkCases" time="4.56" classname="EADCheckTimeTests.CheckCaseStatusTracking"/>
  <testcase name="checkCases" time="4.301" classname="EADCheckTimeTests.CheckCaseStatusTracking"/>
  <testcase name="checkCases" time="4.494" classname="EADCheckTimeTests.CheckCaseStatusTracking"/>
  <testcase name="checkCases" time="3.453" classname="EADCheckTimeTests.CheckCaseStatusTracking"/>
  <testcase name="checkCases" time="3.84" classname="EADCheckTimeTests.CheckCaseStatusTracking"/>
  <testcase name="checkCases" time="3.905" classname="EADCheckTimeTests.CheckCaseStatusTracking"/>
  <testcase name="checkCases" time="4.006" classname="EADCheckTimeTests.CheckCaseStatusTracking"/>
  <testcase name="checkCases" time="4.381" classname="EADCheckTimeTests.CheckCaseStatusTracking"/>
  <testcase name="checkCases" time="3.793" classname="EADCheckTimeTests.CheckCaseStatusTracking"/>
  <testcase name="checkCases" time="3.128" classname="EADCheckTimeTests.CheckCaseStatusTracking"/>
  <testcase name="checkCases" time="4.057" classname="EADCheckTimeTests.CheckCaseStatusTracking"/>
  <testcase name="checkCases" time="4.081" classname="EADCheckTimeTests.CheckCaseStatusTracking"/>
  <testcase name="checkCases" time="3.846" classname="EADCheckTimeTests.CheckCaseStatusTracking"/>
  <testcase name="checkCases" time="4.176" classname="EADCheckTimeTests.CheckCaseStatusTracking"/>
  <testcase name="checkCases" time="3.786" classname="EADCheckTimeTests.CheckCaseStatusTracking"/>
  <testcase name="checkCases" time="3.1" classname="EADCheckTimeTests.CheckCaseStatusTracking"/>
  <testcase name="checkCases" time="4.644" classname="EADCheckTimeTests.CheckCaseStatusTracking"/>
  <testcase name="checkCases" time="3.109" classname="EADCheckTimeTests.CheckCaseStatusTracking"/>
  <testcase name="checkCases" time="4.648" classname="EADCheckTimeTests.CheckCaseStatusTracking"/>
  <testcase name="checkCases" time="4.617" classname="EADCheckTimeTests.CheckCaseStatusTracking"/>
  <testcase name="checkCases" time="4.188" classname="EADCheckTimeTests.CheckCaseStatusTracking"/>
  <testcase name="checkCases" time="3.354" classname="EADCheckTimeTests.CheckCaseStatusTracking"/>
  <testcase name="checkCases" time="4.071" classname="EADCheckTimeTests.CheckCaseStatusTracking"/>
  <testcase name="checkCases" time="4.295" classname="EADCheckTimeTests.CheckCaseStatusTracking"/>
  <testcase name="checkCases" time="3.491" classname="EADCheckTimeTests.CheckCaseStatusTracking"/>
  <testcase name="checkCases" time="5.434" classname="EADCheckTimeTests.CheckCaseStatusTracking"/>
  <testcase name="checkCases" time="3.197" classname="EADCheckTimeTests.CheckCaseStatusTracking"/>
  <testcase name="checkCases" time="3.599" classname="EADCheckTimeTests.CheckCaseStatusTracking"/>
  <testcase name="checkCases" time="5.208" classname="EADCheckTimeTests.CheckCaseStatusTracking"/>
  <testcase name="checkCases" time="3.093" classname="EADCheckTimeTests.CheckCaseStatusTracking"/>
  <testcase name="checkCases" time="3.253" classname="EADCheckTimeTests.CheckCaseStatusTracking"/>
  <testcase name="checkCases" time="6.243" classname="EADCheckTimeTests.CheckCaseStatusTracking"/>
  <testcase name="checkCases" time="3.624" classname="EADCheckTimeTests.CheckCaseStatusTracking"/>
  <testcase name="checkCases" time="4.733" classname="EADCheckTimeTests.CheckCaseStatusTracking"/>
  <testcase name="checkCases" time="4.944" classname="EADCheckTimeTests.CheckCaseStatusTracking"/>
  <testcase name="checkCases" time="4.068" classname="EADCheckTimeTests.CheckCaseStatusTracking"/>
  <testcase name="checkCases" time="4.299" classname="EADCheckTimeTests.CheckCaseStatusTracking"/>
  <testcase name="checkCases" time="7.872" classname="EADCheckTimeTests.CheckCaseStatusTracking"/>
  <testcase name="checkCases" time="4.197" classname="EADCheckTimeTests.CheckCaseStatusTracking"/>
  <testcase name="checkCases" time="6.635" classname="EADCheckTimeTests.CheckCaseStatusTracking"/>
  <testcase name="checkCases" time="5.379" classname="EADCheckTimeTests.CheckCaseStatusTracking"/>
  <testcase name="checkCases" time="5.247" classname="EADCheckTimeTests.CheckCaseStatusTracking"/>
  <testcase name="checkCases" time="5.201" classname="EADCheckTimeTests.CheckCaseStatusTracking"/>
  <testcase name="checkCases" time="7.624" classname="EADCheckTimeTests.CheckCaseStatusTracking"/>
  <testcase name="checkCases" time="3.632" classname="EADCheckTimeTests.CheckCaseStatusTracking"/>
  <testcase name="checkCases" time="4.751" classname="EADCheckTimeTests.CheckCaseStatusTracking"/>
  <testcase name="checkCases" time="7.379" classname="EADCheckTimeTests.CheckCaseStatusTracking"/>
  <testcase name="checkCases" time="5.389" classname="EADCheckTimeTests.CheckCaseStatusTracking"/>
  <testcase name="checkCases" time="5.487" classname="EADCheckTimeTests.CheckCaseStatusTracking"/>
  <testcase name="checkCases" time="7.552" classname="EADCheckTimeTests.CheckCaseStatusTracking"/>
  <testcase name="checkCases" time="5.085" classname="EADCheckTimeTests.CheckCaseStatusTracking"/>
  <testcase name="checkCases" time="5.403" classname="EADCheckTimeTests.CheckCaseStatusTracking"/>
  <testcase name="checkCases" time="6.653" classname="EADCheckTimeTests.CheckCaseStatusTracking"/>
  <testcase name="checkCases" time="6.831" classname="EADCheckTimeTests.CheckCaseStatusTracking"/>
  <testcase name="checkCases" time="4.272" classname="EADCheckTimeTests.CheckCaseStatusTracking"/>
  <testcase name="checkCases" time="6.272" classname="EADCheckTimeTests.CheckCaseStatusTracking"/>
  <testcase name="checkCases" time="4.884" classname="EADCheckTimeTests.CheckCaseStatusTracking"/>
  <testcase name="checkCases" time="6.26" classname="EADCheckTimeTests.CheckCaseStatusTracking"/>
  <testcase name="checkCases" time="4.725" classname="EADCheckTimeTests.CheckCaseStatusTracking"/>
  <testcase name="checkCases" time="4.513" classname="EADCheckTimeTests.CheckCaseStatusTracking"/>
  <testcase name="checkCases" time="5.851" classname="EADCheckTimeTests.CheckCaseStatusTracking"/>
  <testcase name="checkCases" time="4.202" classname="EADCheckTimeTests.CheckCaseStatusTracking"/>
  <testcase name="checkCases" time="4.273" classname="EADCheckTimeTests.CheckCaseStatusTracking"/>
  <testcase name="checkCases" time="5.241" classname="EADCheckTimeTests.CheckCaseStatusTracking"/>
  <testcase name="checkCases" time="5.154" classname="EADCheckTimeTests.CheckCaseStatusTracking"/>
  <testcase name="checkCases" time="3.823" classname="EADCheckTimeTests.CheckCaseStatusTracking"/>
  <testcase name="checkCases" time="4.707" classname="EADCheckTimeTests.CheckCaseStatusTracking"/>
  <testcase name="checkCases" time="5.774" classname="EADCheckTimeTests.CheckCaseStatusTracking"/>
  <testcase name="checkCases" time="3.909" classname="EADCheckTimeTests.CheckCaseStatusTracking"/>
  <testcase name="checkCases" time="4.16" classname="EADCheckTimeTests.CheckCaseStatusTracking"/>
  <testcase name="checkCases" time="5.686" classname="EADCheckTimeTests.CheckCaseStatusTracking"/>
  <testcase name="checkCases" time="3.925" classname="EADCheckTimeTests.CheckCaseStatusTracking"/>
  <testcase name="checkCases" time="3.119" classname="EADCheckTimeTests.CheckCaseStatusTracking"/>
  <testcase name="checkCases" time="5.349" classname="EADCheckTimeTests.CheckCaseStatusTracking"/>
  <testcase name="checkCases" time="3.132" classname="EADCheckTimeTests.CheckCaseStatusTracking"/>
  <testcase name="checkCases" time="4.548" classname="EADCheckTimeTests.CheckCaseStatusTracking"/>
  <testcase name="checkCases" time="3.985" classname="EADCheckTimeTests.CheckCaseStatusTracking"/>
  <testcase name="checkCases" time="3.512" classname="EADCheckTimeTests.CheckCaseStatusTracking"/>
  <testcase name="checkCases" time="3.598" classname="EADCheckTimeTests.CheckCaseStatusTracking"/>
  <testcase name="checkCases" time="6.478" classname="EADCheckTimeTests.CheckCaseStatusTracking"/>
  <testcase name="checkCases" time="3.827" classname="EADCheckTimeTests.CheckCaseStatusTracking"/>
  <testcase name="checkCases" time="3.556" classname="EADCheckTimeTests.CheckCaseStatusTracking"/>
  <testcase name="checkCases" time="4.785" classname="EADCheckTimeTests.CheckCaseStatusTracking"/>
  <testcase name="checkCases" time="4.58" classname="EADCheckTimeTests.CheckCaseStatusTracking"/>
  <testcase name="checkCases" time="3.915" classname="EADCheckTimeTests.CheckCaseStatusTracking"/>
  <testcase name="checkCases" time="4.28" classname="EADCheckTimeTests.CheckCaseStatusTracking"/>
  <testcase name="checkCases" time="4.388" classname="EADCheckTimeTests.CheckCaseStatusTracking"/>
  <testcase name="checkCases" time="5.759" classname="EADCheckTimeTests.CheckCaseStatusTracking"/>
  <testcase name="checkCases" time="4.456" classname="EADCheckTimeTests.CheckCaseStatusTracking"/>
  <testcase name="checkCases" time="3.517" classname="EADCheckTimeTests.CheckCaseStatusTracking"/>
  <testcase name="checkCases" time="5.139" classname="EADCheckTimeTests.CheckCaseStatusTracking"/>
  <testcase name="checkCases" time="6.323" classname="EADCheckTimeTests.CheckCaseStatusTracking"/>
  <testcase name="checkCases" time="3.518" classname="EADCheckTimeTests.CheckCaseStatusTracking"/>
  <testcase name="checkCases" time="4.226" classname="EADCheckTimeTests.CheckCaseStatusTracking"/>
  <testcase name="checkCases" time="5.162" classname="EADCheckTimeTests.CheckCaseStatusTracking"/>
  <testcase name="checkCases" time="6.617" classname="EADCheckTimeTests.CheckCaseStatusTracking"/>
  <testcase name="checkCases" time="3.628" classname="EADCheckTimeTests.CheckCaseStatusTracking"/>
  <testcase name="checkCases" time="4.711" classname="EADCheckTimeTests.CheckCaseStatusTracking"/>
  <testcase name="checkCases" time="4.726" classname="EADCheckTimeTests.CheckCaseStatusTracking"/>
  <testcase name="checkCases" time="4.792" classname="EADCheckTimeTests.CheckCaseStatusTracking"/>
  <testcase name="checkCases" time="4.709" classname="EADCheckTimeTests.CheckCaseStatusTracking"/>
  <testcase name="checkCases" time="4.047" classname="EADCheckTimeTests.CheckCaseStatusTracking"/>
  <testcase name="checkCases" time="4.773" classname="EADCheckTimeTests.CheckCaseStatusTracking"/>
  <testcase name="checkCases" time="7.525" classname="EADCheckTimeTests.CheckCaseStatusTracking"/>
  <testcase name="checkCases" time="3.878" classname="EADCheckTimeTests.CheckCaseStatusTracking"/>
  <testcase name="checkCases" time="3.375" classname="EADCheckTimeTests.CheckCaseStatusTracking"/>
  <testcase name="checkCases" time="4.411" classname="EADCheckTimeTests.CheckCaseStatusTracking"/>
  <testcase name="checkCases" time="5.461" classname="EADCheckTimeTests.CheckCaseStatusTracking"/>
  <testcase name="checkCases" time="3.561" classname="EADCheckTimeTests.CheckCaseStatusTracking"/>
  <testcase name="checkCases" time="4.986" classname="EADCheckTimeTests.CheckCaseStatusTracking"/>
  <testcase name="checkCases" time="3.971" classname="EADCheckTimeTests.CheckCaseStatusTracking"/>
  <testcase name="checkCases" time="4.908" classname="EADCheckTimeTests.CheckCaseStatusTracking"/>
  <testcase name="checkCases" time="5.614" classname="EADCheckTimeTests.CheckCaseStatusTracking"/>
  <testcase name="checkCases" time="5.11" classname="EADCheckTimeTests.CheckCaseStatusTracking"/>
  <testcase name="checkCases" time="4.421" classname="EADCheckTimeTests.CheckCaseStatusTracking"/>
  <testcase name="checkCases" time="8.754" classname="EADCheckTimeTests.CheckCaseStatusTracking"/>
  <testcase name="checkCases" time="5.199" classname="EADCheckTimeTests.CheckCaseStatusTracking"/>
  <testcase name="checkCases" time="4.464" classname="EADCheckTimeTests.CheckCaseStatusTracking"/>
  <testcase name="checkCases" time="5.092" classname="EADCheckTimeTests.CheckCaseStatusTracking"/>
  <testcase name="checkCases" time="4.673" classname="EADCheckTimeTests.CheckCaseStatusTracking"/>
  <testcase name="checkCases" time="6.201" classname="EADCheckTimeTests.CheckCaseStatusTracking"/>
  <testcase name="checkCases" time="5.784" classname="EADCheckTimeTests.CheckCaseStatusTracking"/>
  <testcase name="checkCases" time="6.672" classname="EADCheckTimeTests.CheckCaseStatusTracking"/>
  <testcase name="checkCases" time="4.298" classname="EADCheckTimeTests.CheckCaseStatusTracking"/>
  <testcase name="checkCases" time="10.587" classname="EADCheckTimeTests.CheckCaseStatusTracking"/>
  <testcase name="checkCases" time="5.966" classname="EADCheckTimeTests.CheckCaseStatusTracking"/>
  <testcase name="checkCases" time="4.058" classname="EADCheckTimeTests.CheckCaseStatusTracking"/>
  <testcase name="checkCases" time="5.212" classname="EADCheckTimeTests.CheckCaseStatusTracking"/>
  <testcase name="checkCases" time="5.786" classname="EADCheckTimeTests.CheckCaseStatusTracking"/>
  <testcase name="checkCases" time="6.295" classname="EADCheckTimeTests.CheckCaseStatusTracking"/>
  <testcase name="checkCases" time="7.543" classname="EADCheckTimeTests.CheckCaseStatusTracking"/>
  <testcase name="checkCases" time="4.879" classname="EADCheckTimeTests.CheckCaseStatusTracking"/>
  <testcase name="checkCases" time="4.485" classname="EADCheckTimeTests.CheckCaseStatusTracking"/>
  <testcase name="checkCases" time="7.918" classname="EADCheckTimeTests.CheckCaseStatusTracking"/>
  <testcase name="checkCases" time="6.281" classname="EADCheckTimeTests.CheckCaseStatusTracking"/>
  <testcase name="checkCases" time="4.799" classname="EADCheckTimeTests.CheckCaseStatusTracking"/>
  <testcase name="checkCases" time="7.458" classname="EADCheckTimeTests.CheckCaseStatusTracking"/>
  <testcase name="checkCases" time="7.825" classname="EADCheckTimeTests.CheckCaseStatusTracking"/>
  <testcase name="checkCases" time="4.94" classname="EADCheckTimeTests.CheckCaseStatusTracking"/>
  <testcase name="checkCases" time="5.019" classname="EADCheckTimeTests.CheckCaseStatusTracking"/>
  <testcase name="checkCases" time="4.531" classname="EADCheckTimeTests.CheckCaseStatusTracking"/>
  <testcase name="checkCases" time="5.191" classname="EADCheckTimeTests.CheckCaseStatusTracking"/>
  <testcase name="checkCases" time="4.678" classname="EADCheckTimeTests.CheckCaseStatusTracking"/>
  <testcase name="checkCases" time="3.464" classname="EADCheckTimeTests.CheckCaseStatusTracking"/>
  <testcase name="checkCases" time="4.171" classname="EADCheckTimeTests.CheckCaseStatusTracking"/>
  <testcase name="checkCases" time="5.39" classname="EADCheckTimeTests.CheckCaseStatusTracking"/>
  <testcase name="checkCases" time="3.289" classname="EADCheckTimeTests.CheckCaseStatusTracking"/>
  <testcase name="checkCases" time="3.891" classname="EADCheckTimeTests.CheckCaseStatusTracking"/>
  <testcase name="checkCases" time="4.171" classname="EADCheckTimeTests.CheckCaseStatusTracking"/>
  <testcase name="checkCases" time="4.446" classname="EADCheckTimeTests.CheckCaseStatusTracking"/>
  <testcase name="checkCases" time="3.155" classname="EADCheckTimeTests.CheckCaseStatusTracking"/>
  <testcase name="checkCases" time="5.197" classname="EADCheckTimeTests.CheckCaseStatusTracking"/>
  <testcase name="checkCases" time="6.595" classname="EADCheckTimeTests.CheckCaseStatusTracking"/>
  <testcase name="checkCases" time="6.453" classname="EADCheckTimeTests.CheckCaseStatusTracking"/>
  <testcase name="checkCases" time="4.339" classname="EADCheckTimeTests.CheckCaseStatusTracking"/>
  <testcase name="checkCases" time="3.89" classname="EADCheckTimeTests.CheckCaseStatusTracking"/>
  <testcase name="checkCases" time="4.243" classname="EADCheckTimeTests.CheckCaseStatusTracking"/>
  <testcase name="checkCases" time="4.071" classname="EADCheckTimeTests.CheckCaseStatusTracking"/>
  <testcase name="checkCases" time="3.915" classname="EADCheckTimeTests.CheckCaseStatusTracking"/>
  <testcase name="checkCases" time="3.334" classname="EADCheckTimeTests.CheckCaseStatusTracking"/>
  <testcase name="checkCases" time="5.379" classname="EADCheckTimeTests.CheckCaseStatusTracking"/>
  <testcase name="checkCases" time="3.651" classname="EADCheckTimeTests.CheckCaseStatusTracking"/>
  <testcase name="checkCases" time="3.699" classname="EADCheckTimeTests.CheckCaseStatusTracking"/>
  <testcase name="checkCases" time="4.361" classname="EADCheckTimeTests.CheckCaseStatusTracking"/>
  <testcase name="checkCases" time="4.475" classname="EADCheckTimeTests.CheckCaseStatusTracking"/>
  <testcase name="checkCases" time="5.014" classname="EADCheckTimeTests.CheckCaseStatusTracking"/>
  <testcase name="checkCases" time="6.632" classname="EADCheckTimeTests.CheckCaseStatusTracking"/>
  <testcase name="checkCases" time="4.266" classname="EADCheckTimeTests.CheckCaseStatusTracking"/>
  <testcase name="checkCases" time="3.236" classname="EADCheckTimeTests.CheckCaseStatusTracking"/>
  <testcase name="checkCases" time="4.793" classname="EADCheckTimeTests.CheckCaseStatusTracking"/>
  <testcase name="checkCases" time="3.978" classname="EADCheckTimeTests.CheckCaseStatusTracking"/>
  <testcase name="checkCases" time="4.696" classname="EADCheckTimeTests.CheckCaseStatusTracking"/>
  <testcase name="checkCases" time="4.777" classname="EADCheckTimeTests.CheckCaseStatusTracking"/>
  <testcase name="checkCases" time="4.562" classname="EADCheckTimeTests.CheckCaseStatusTracking"/>
  <testcase name="checkCases" time="3.194" classname="EADCheckTimeTests.CheckCaseStatusTracking"/>
  <testcase name="checkCases" time="5.092" classname="EADCheckTimeTests.CheckCaseStatusTracking"/>
  <testcase name="checkCases" time="3.238" classname="EADCheckTimeTests.CheckCaseStatusTracking"/>
  <testcase name="checkCases" time="3.48" classname="EADCheckTimeTests.CheckCaseStatusTracking"/>
  <testcase name="checkCases" time="5.15" classname="EADCheckTimeTests.CheckCaseStatusTracking"/>
  <testcase name="checkCases" time="3.278" classname="EADCheckTimeTests.CheckCaseStatusTracking"/>
  <testcase name="checkCases" time="3.284" classname="EADCheckTimeTests.CheckCaseStatusTracking"/>
  <testcase name="checkCases" time="5.282" classname="EADCheckTimeTests.CheckCaseStatusTracking"/>
  <testcase name="checkCases" time="5.329" classname="EADCheckTimeTests.CheckCaseStatusTracking"/>
  <testcase name="checkCases" time="3.328" classname="EADCheckTimeTests.CheckCaseStatusTracking"/>
  <testcase name="checkCases" time="4.057" classname="EADCheckTimeTests.CheckCaseStatusTracking"/>
  <testcase name="checkCases" time="4.143" classname="EADCheckTimeTests.CheckCaseStatusTracking"/>
  <testcase name="checkCases" time="3.181" classname="EADCheckTimeTests.CheckCaseStatusTracking"/>
  <testcase name="checkCases" time="4.424" classname="EADCheckTimeTests.CheckCaseStatusTracking"/>
  <testcase name="checkCases" time="4.255" classname="EADCheckTimeTests.CheckCaseStatusTracking"/>
  <testcase name="checkCases" time="5.831" classname="EADCheckTimeTests.CheckCaseStatusTracking"/>
  <testcase name="checkCases" time="4.156" classname="EADCheckTimeTests.CheckCaseStatusTracking"/>
  <testcase name="checkCases" time="4.505" classname="EADCheckTimeTests.CheckCaseStatusTracking"/>
  <testcase name="checkCases" time="3.576" classname="EADCheckTimeTests.CheckCaseStatusTracking"/>
  <testcase name="checkCases" time="5.352" classname="EADCheckTimeTests.CheckCaseStatusTracking"/>
  <testcase name="checkCases" time="7.676" classname="EADCheckTimeTests.CheckCaseStatusTracking"/>
  <testcase name="checkCases" time="5.211" classname="EADCheckTimeTests.CheckCaseStatusTracking"/>
  <testcase name="checkCases" time="7.639" classname="EADCheckTimeTests.CheckCaseStatusTracking"/>
  <testcase name="checkCases" time="7.663" classname="EADCheckTimeTests.CheckCaseStatusTracking"/>
  <testcase name="checkCases" time="4.424" classname="EADCheckTimeTests.CheckCaseStatusTracking"/>
  <testcase name="checkCases" time="7.291" classname="EADCheckTimeTests.CheckCaseStatusTracking"/>
  <testcase name="checkCases" time="5.468" classname="EADCheckTimeTests.CheckCaseStatusTracking"/>
  <testcase name="checkCases" time="6.652" classname="EADCheckTimeTests.CheckCaseStatusTracking"/>
  <testcase name="checkCases" time="6.391" classname="EADCheckTimeTests.CheckCaseStatusTracking"/>
  <testcase name="checkCases" time="5.114" classname="EADCheckTimeTests.CheckCaseStatusTracking"/>
  <testcase name="checkCases" time="5.791" classname="EADCheckTimeTests.CheckCaseStatusTracking"/>
  <testcase name="checkCases" time="7.983" classname="EADCheckTimeTests.CheckCaseStatusTracking"/>
  <testcase name="checkCases" time="5.303" classname="EADCheckTimeTests.CheckCaseStatusTracking"/>
  <testcase name="checkCases" time="4.896" classname="EADCheckTimeTests.CheckCaseStatusTracking"/>
  <testcase name="checkCases" time="7.859" classname="EADCheckTimeTests.CheckCaseStatusTracking"/>
  <testcase name="checkCases" time="4.916" classname="EADCheckTimeTests.CheckCaseStatusTracking"/>
  <testcase name="checkCases" time="5.099" classname="EADCheckTimeTests.CheckCaseStatusTracking"/>
  <testcase name="checkCases" time="5.653" classname="EADCheckTimeTests.CheckCaseStatusTracking"/>
  <testcase name="checkCases" time="7.842" classname="EADCheckTimeTests.CheckCaseStatusTracking"/>
  <testcase name="checkCases" time="4.645" classname="EADCheckTimeTests.CheckCaseStatusTracking"/>
  <testcase name="checkCases" time="7.253" classname="EADCheckTimeTests.CheckCaseStatusTracking"/>
  <testcase name="checkCases" time="6.207" classname="EADCheckTimeTests.CheckCaseStatusTracking"/>
  <testcase name="checkCases" time="4.175" classname="EADCheckTimeTests.CheckCaseStatusTracking"/>
  <testcase name="checkCases" time="5.58" classname="EADCheckTimeTests.CheckCaseStatusTracking"/>
  <testcase name="checkCases" time="5.826" classname="EADCheckTimeTests.CheckCaseStatusTracking"/>
  <testcase name="checkCases" time="5.283" classname="EADCheckTimeTests.CheckCaseStatusTracking"/>
  <testcase name="checkCases" time="4.659" classname="EADCheckTimeTests.CheckCaseStatusTracking"/>
  <testcase name="checkCases" time="3.259" classname="EADCheckTimeTests.CheckCaseStatusTracking"/>
  <testcase name="checkCases" time="5.968" classname="EADCheckTimeTests.CheckCaseStatusTracking"/>
  <testcase name="checkCases" time="4.899" classname="EADCheckTimeTests.CheckCaseStatusTracking"/>
  <testcase name="checkCases" time="3.533" classname="EADCheckTimeTests.CheckCaseStatusTracking"/>
  <testcase name="checkCases" time="3.665" classname="EADCheckTimeTests.CheckCaseStatusTracking"/>
  <testcase name="checkCases" time="6.074" classname="EADCheckTimeTests.CheckCaseStatusTracking"/>
  <testcase name="checkCases" time="4.321" classname="EADCheckTimeTests.CheckCaseStatusTracking"/>
  <testcase name="checkCases" time="3.373" classname="EADCheckTimeTests.CheckCaseStatusTracking"/>
  <testcase name="checkCases" time="4.705" classname="EADCheckTimeTests.CheckCaseStatusTracking"/>
  <testcase name="checkCases" time="4.783" classname="EADCheckTimeTests.CheckCaseStatusTracking"/>
  <testcase name="checkCases" time="3.529" classname="EADCheckTimeTests.CheckCaseStatusTracking"/>
  <testcase name="checkCases" time="4.67" classname="EADCheckTimeTests.CheckCaseStatusTracking"/>
  <testcase name="checkCases" time="8.615" classname="EADCheckTimeTests.CheckCaseStatusTracking"/>
  <testcase name="checkCases" time="7.362" classname="EADCheckTimeTests.CheckCaseStatusTracking"/>
  <testcase name="checkCases" time="4.266" classname="EADCheckTimeTests.CheckCaseStatusTracking"/>
  <testcase name="checkCases" time="3.589" classname="EADCheckTimeTests.CheckCaseStatusTracking"/>
  <testcase name="checkCases" time="4.475" classname="EADCheckTimeTests.CheckCaseStatusTracking"/>
  <testcase name="checkCases" time="4.308" classname="EADCheckTimeTests.CheckCaseStatusTracking"/>
  <testcase name="checkCases" time="3.77" classname="EADCheckTimeTests.CheckCaseStatusTracking"/>
  <testcase name="checkCases" time="4.717" classname="EADCheckTimeTests.CheckCaseStatusTracking"/>
  <testcase name="checkCases" time="4.454" classname="EADCheckTimeTests.CheckCaseStatusTracking"/>
  <testcase name="checkCases" time="3.692" classname="EADCheckTimeTests.CheckCaseStatusTracking"/>
  <testcase name="checkCases" time="3.798" classname="EADCheckTimeTests.CheckCaseStatusTracking"/>
  <testcase name="checkCases" time="6.343" classname="EADCheckTimeTests.CheckCaseStatusTracking"/>
  <testcase name="checkCases" time="3.803" classname="EADCheckTimeTests.CheckCaseStatusTracking"/>
  <testcase name="checkCases" time="4.318" classname="EADCheckTimeTests.CheckCaseStatusTracking"/>
  <testcase name="checkCases" time="5.46" classname="EADCheckTimeTests.CheckCaseStatusTracking"/>
  <testcase name="checkCases" time="3.497" classname="EADCheckTimeTests.CheckCaseStatusTracking"/>
  <testcase name="checkCases" time="3.478" classname="EADCheckTimeTests.CheckCaseStatusTracking"/>
  <testcase name="checkCases" time="4.661" classname="EADCheckTimeTests.CheckCaseStatusTracking"/>
  <testcase name="checkCases" time="5.265" classname="EADCheckTimeTests.CheckCaseStatusTracking"/>
  <testcase name="checkCases" time="3.996" classname="EADCheckTimeTests.CheckCaseStatusTracking"/>
  <testcase name="checkCases" time="4.464" classname="EADCheckTimeTests.CheckCaseStatusTracking"/>
  <testcase name="checkCases" time="3.598" classname="EADCheckTimeTests.CheckCaseStatusTracking"/>
  <testcase name="checkCases" time="3.886" classname="EADCheckTimeTests.CheckCaseStatusTracking"/>
  <testcase name="checkCases" time="4.731" classname="EADCheckTimeTests.CheckCaseStatusTracking"/>
  <testcase name="checkCases" time="3.81" classname="EADCheckTimeTests.CheckCaseStatusTracking"/>
  <testcase name="checkCases" time="3.102" classname="EADCheckTimeTests.CheckCaseStatusTracking"/>
  <testcase name="checkCases" time="5.77" classname="EADCheckTimeTests.CheckCaseStatusTracking"/>
  <testcase name="checkCases" time="4.207" classname="EADCheckTimeTests.CheckCaseStatusTracking"/>
  <testcase name="checkCases" time="4.754" classname="EADCheckTimeTests.CheckCaseStatusTracking"/>
  <testcase name="checkCases" time="5.386" classname="EADCheckTimeTests.CheckCaseStatusTracking"/>
  <testcase name="checkCases" time="6.211" classname="EADCheckTimeTests.CheckCaseStatusTracking"/>
  <testcase name="checkCases" time="3.468" classname="EADCheckTimeTests.CheckCaseStatusTracking"/>
  <testcase name="checkCases" time="4.252" classname="EADCheckTimeTests.CheckCaseStatusTracking"/>
  <testcase name="checkCases" time="3.813" classname="EADCheckTimeTests.CheckCaseStatusTracking"/>
  <testcase name="checkCases" time="5.684" classname="EADCheckTimeTests.CheckCaseStatusTracking"/>
  <testcase name="checkCases" time="5.16" classname="EADCheckTimeTests.CheckCaseStatusTracking"/>
  <testcase name="checkCases" time="4.382" classname="EADCheckTimeTests.CheckCaseStatusTracking"/>
  <testcase name="checkCases" time="3.787" classname="EADCheckTimeTests.CheckCaseStatusTracking"/>
  <testcase name="checkCases" time="6.452" classname="EADCheckTimeTests.CheckCaseStatusTracking"/>
  <testcase name="checkCases" time="5.113" classname="EADCheckTimeTests.CheckCaseStatusTracking"/>
  <testcase name="checkCases" time="5.083" classname="EADCheckTimeTests.CheckCaseStatusTracking"/>
  <testcase name="checkCases" time="7.222" classname="EADCheckTimeTests.CheckCaseStatusTracking"/>
  <testcase name="checkCases" time="6.864" classname="EADCheckTimeTests.CheckCaseStatusTracking"/>
  <testcase name="checkCases" time="5.601" classname="EADCheckTimeTests.CheckCaseStatusTracking"/>
  <testcase name="checkCases" time="6.44" classname="EADCheckTimeTests.CheckCaseStatusTracking"/>
  <testcase name="checkCases" time="4.626" classname="EADCheckTimeTests.CheckCaseStatusTracking"/>
  <testcase name="checkCases" time="6.957" classname="EADCheckTimeTests.CheckCaseStatusTracking"/>
  <testcase name="checkCases" time="5.851" classname="EADCheckTimeTests.CheckCaseStatusTracking"/>
  <testcase name="checkCases" time="3.974" classname="EADCheckTimeTests.CheckCaseStatusTracking"/>
  <testcase name="checkCases" time="4.4" classname="EADCheckTimeTests.CheckCaseStatusTracking"/>
  <testcase name="checkCases" time="7.092" classname="EADCheckTimeTests.CheckCaseStatusTracking"/>
  <testcase name="checkCases" time="4.475" classname="EADCheckTimeTests.CheckCaseStatusTracking"/>
  <testcase name="checkCases" time="3.698" classname="EADCheckTimeTests.CheckCaseStatusTracking"/>
  <testcase name="checkCases" time="5.427" classname="EADCheckTimeTests.CheckCaseStatusTracking"/>
  <testcase name="checkCases" time="6.098" classname="EADCheckTimeTests.CheckCaseStatusTracking"/>
  <testcase name="checkCases" time="4.92" classname="EADCheckTimeTests.CheckCaseStatusTracking"/>
  <testcase name="checkCases" time="6.943" classname="EADCheckTimeTests.CheckCaseStatusTracking"/>
  <testcase name="checkCases" time="4.951" classname="EADCheckTimeTests.CheckCaseStatusTracking"/>
  <testcase name="checkCases" time="6.044" classname="EADCheckTimeTests.CheckCaseStatusTracking"/>
  <testcase name="checkCases" time="6.422" classname="EADCheckTimeTests.CheckCaseStatusTracking"/>
  <testcase name="checkCases" time="4.481" classname="EADCheckTimeTests.CheckCaseStatusTracking"/>
  <testcase name="checkCases" time="4.727" classname="EADCheckTimeTests.CheckCaseStatusTracking"/>
  <testcase name="checkCases" time="6.542" classname="EADCheckTimeTests.CheckCaseStatusTracking"/>
  <testcase name="checkCases" time="3.885" classname="EADCheckTimeTests.CheckCaseStatusTracking"/>
  <testcase name="checkCases" time="3.402" classname="EADCheckTimeTests.CheckCaseStatusTracking"/>
  <testcase name="checkCases" time="5.461" classname="EADCheckTimeTests.CheckCaseStatusTracking"/>
  <testcase name="checkCases" time="4.256" classname="EADCheckTimeTests.CheckCaseStatusTracking"/>
  <testcase name="checkCases" time="7.121" classname="EADCheckTimeTests.CheckCaseStatusTracking"/>
  <testcase name="checkCases" time="4.93" classname="EADCheckTimeTests.CheckCaseStatusTracking"/>
  <testcase name="checkCases" time="3.518" classname="EADCheckTimeTests.CheckCaseStatusTracking"/>
  <testcase name="checkCases" time="4.248" classname="EADCheckTimeTests.CheckCaseStatusTracking"/>
  <testcase name="checkCases" time="6.722" classname="EADCheckTimeTests.CheckCaseStatusTracking"/>
  <testcase name="checkCases" time="3.504" classname="EADCheckTimeTests.CheckCaseStatusTracking"/>
  <testcase name="checkCases" time="3.225" classname="EADCheckTimeTests.CheckCaseStatusTracking"/>
  <testcase name="checkCases" time="5.112" classname="EADCheckTimeTests.CheckCaseStatusTracking"/>
  <testcase name="checkCases" time="5.524" classname="EADCheckTimeTests.CheckCaseStatusTracking"/>
  <testcase name="checkCases" time="3.201" classname="EADCheckTimeTests.CheckCaseStatusTracking"/>
  <testcase name="checkCases" time="4.09" classname="EADCheckTimeTests.CheckCaseStatusTracking"/>
  <testcase name="checkCases" time="4.456" classname="EADCheckTimeTests.CheckCaseStatusTracking"/>
  <testcase name="checkCases" time="6.519" classname="EADCheckTimeTests.CheckCaseStatusTracking"/>
  <testcase name="checkCases" time="4.699" classname="EADCheckTimeTests.CheckCaseStatusTracking"/>
  <testcase name="checkCases" time="3.914" classname="EADCheckTimeTests.CheckCaseStatusTracking"/>
  <testcase name="checkCases" time="3.287" classname="EADCheckTimeTests.CheckCaseStatusTracking"/>
  <testcase name="checkCases" time="5.872" classname="EADCheckTimeTests.CheckCaseStatusTracking"/>
  <testcase name="checkCases" time="3.383" classname="EADCheckTimeTests.CheckCaseStatusTracking"/>
  <testcase name="checkCases" time="3.78" classname="EADCheckTimeTests.CheckCaseStatusTracking"/>
  <testcase name="checkCases" time="5.285" classname="EADCheckTimeTests.CheckCaseStatusTracking"/>
  <testcase name="checkCases" time="3.889" classname="EADCheckTimeTests.CheckCaseStatusTracking"/>
  <testcase name="checkCases" time="4.506" classname="EADCheckTimeTests.CheckCaseStatusTracking"/>
  <testcase name="checkCases" time="4.635" classname="EADCheckTimeTests.CheckCaseStatusTracking"/>
  <testcase name="checkCases" time="3.682" classname="EADCheckTimeTests.CheckCaseStatusTracking"/>
  <testcase name="checkCases" time="3.639" classname="EADCheckTimeTests.CheckCaseStatusTracking"/>
  <testcase name="checkCases" time="6.693" classname="EADCheckTimeTests.CheckCaseStatusTracking"/>
  <testcase name="checkCases" time="3.953" classname="EADCheckTimeTests.CheckCaseStatusTracking"/>
  <testcase name="checkCases" time="4.365" classname="EADCheckTimeTests.CheckCaseStatusTracking"/>
  <testcase name="checkCases" time="6.043" classname="EADCheckTimeTests.CheckCaseStatusTracking"/>
  <testcase name="checkCases" time="5.753" classname="EADCheckTimeTests.CheckCaseStatusTracking"/>
  <testcase name="checkCases" time="3.828" classname="EADCheckTimeTests.CheckCaseStatusTracking"/>
  <testcase name="checkCases" time="4.132" classname="EADCheckTimeTests.CheckCaseStatusTracking"/>
  <testcase name="checkCases" time="3.792" classname="EADCheckTimeTests.CheckCaseStatusTracking"/>
  <testcase name="checkCases" time="4.603" classname="EADCheckTimeTests.CheckCaseStatusTracking"/>
  <testcase name="checkCases" time="4.57" classname="EADCheckTimeTests.CheckCaseStatusTracking"/>
  <testcase name="checkCases" time="3.584" classname="EADCheckTimeTests.CheckCaseStatusTracking"/>
  <testcase name="checkCases" time="3.371" classname="EADCheckTimeTests.CheckCaseStatusTracking"/>
  <testcase name="checkCases" time="5.997" classname="EADCheckTimeTests.CheckCaseStatusTracking"/>
  <testcase name="checkCases" time="3.511" classname="EADCheckTimeTests.CheckCaseStatusTracking"/>
  <testcase name="checkCases" time="3.005" classname="EADCheckTimeTests.CheckCaseStatusTracking"/>
  <testcase name="checkCases" time="4.632" classname="EADCheckTimeTests.CheckCaseStatusTracking"/>
  <testcase name="checkCases" time="4.336" classname="EADCheckTimeTests.CheckCaseStatusTracking"/>
  <testcase name="checkCases" time="4.821" classname="EADCheckTimeTests.CheckCaseStatusTracking"/>
  <testcase name="checkCases" time="4.4" classname="EADCheckTimeTests.CheckCaseStatusTracking"/>
  <testcase name="checkCases" time="4.327" classname="EADCheckTimeTests.CheckCaseStatusTracking"/>
  <testcase name="checkCases" time="3.437" classname="EADCheckTimeTests.CheckCaseStatusTracking"/>
  <testcase name="checkCases" time="5.836" classname="EADCheckTimeTests.CheckCaseStatusTracking"/>
  <testcase name="checkCases" time="3.618" classname="EADCheckTimeTests.CheckCaseStatusTracking"/>
  <testcase name="checkCases" time="3.082" classname="EADCheckTimeTests.CheckCaseStatusTracking"/>
  <testcase name="checkCases" time="4.926" classname="EADCheckTimeTests.CheckCaseStatusTracking"/>
  <testcase name="checkCases" time="4.222" classname="EADCheckTimeTests.CheckCaseStatusTracking"/>
  <testcase name="checkCases" time="6.612" classname="EADCheckTimeTests.CheckCaseStatusTracking"/>
  <testcase name="checkCases" time="5.201" classname="EADCheckTimeTests.CheckCaseStatusTracking"/>
  <testcase name="checkCases" time="6.356" classname="EADCheckTimeTests.CheckCaseStatusTracking"/>
  <testcase name="checkCases" time="3.395" classname="EADCheckTimeTests.CheckCaseStatusTracking"/>
  <testcase name="checkCases" time="7.38" classname="EADCheckTimeTests.CheckCaseStatusTracking"/>
  <testcase name="checkCases" time="5.172" classname="EADCheckTimeTests.CheckCaseStatusTracking"/>
  <testcase name="checkCases" time="4.056" classname="EADCheckTimeTests.CheckCaseStatusTracking"/>
  <testcase name="checkCases" time="5.505" classname="EADCheckTimeTests.CheckCaseStatusTracking"/>
  <testcase name="checkCases" time="6.79" classname="EADCheckTimeTests.CheckCaseStatusTracking"/>
  <testcase name="checkCases" time="5.709" classname="EADCheckTimeTests.CheckCaseStatusTracking"/>
  <testcase name="checkCases" time="5.786" classname="EADCheckTimeTests.CheckCaseStatusTracking"/>
  <testcase name="checkCases" time="4.614" classname="EADCheckTimeTests.CheckCaseStatusTracking"/>
  <testcase name="checkCases" time="7.872" classname="EADCheckTimeTests.CheckCaseStatusTracking"/>
  <testcase name="checkCases" time="7.354" classname="EADCheckTimeTests.CheckCaseStatusTracking"/>
  <testcase name="checkCases" time="4.452" classname="EADCheckTimeTests.CheckCaseStatusTracking"/>
  <testcase name="checkCases" time="4.553" classname="EADCheckTimeTests.CheckCaseStatusTracking"/>
  <testcase name="checkCases" time="8.01" classname="EADCheckTimeTests.CheckCaseStatusTracking"/>
  <testcase name="checkCases" time="5.427" classname="EADCheckTimeTests.CheckCaseStatusTracking"/>
  <testcase name="checkCases" time="4.663" classname="EADCheckTimeTests.CheckCaseStatusTracking"/>
  <testcase name="checkCases" time="5.614" classname="EADCheckTimeTests.CheckCaseStatusTracking"/>
  <testcase name="checkCases" time="7.166" classname="EADCheckTimeTests.CheckCaseStatusTracking"/>
  <testcase name="checkCases" time="5.897" classname="EADCheckTimeTests.CheckCaseStatusTracking"/>
  <testcase name="checkCases" time="6.433" classname="EADCheckTimeTests.CheckCaseStatusTracking"/>
  <testcase name="checkCases" time="5.892" classname="EADCheckTimeTests.CheckCaseStatusTracking"/>
  <testcase name="checkCases" time="7.381" classname="EADCheckTimeTests.CheckCaseStatusTracking"/>
  <testcase name="checkCases" time="6.254" classname="EADCheckTimeTests.CheckCaseStatusTracking"/>
  <testcase name="checkCases" time="4.874" classname="EADCheckTimeTests.CheckCaseStatusTracking"/>
  <testcase name="checkCases" time="5.85" classname="EADCheckTimeTests.CheckCaseStatusTracking"/>
  <testcase name="checkCases" time="8.649" classname="EADCheckTimeTests.CheckCaseStatusTracking"/>
  <testcase name="checkCases" time="4.585" classname="EADCheckTimeTests.CheckCaseStatusTracking"/>
  <testcase name="checkCases" time="4.105" classname="EADCheckTimeTests.CheckCaseStatusTracking"/>
  <testcase name="checkCases" time="4.879" classname="EADCheckTimeTests.CheckCaseStatusTracking"/>
  <testcase name="checkCases" time="5.563" classname="EADCheckTimeTests.CheckCaseStatusTracking"/>
  <testcase name="checkCases" time="4.663" classname="EADCheckTimeTests.CheckCaseStatusTracking"/>
  <testcase name="checkCases" time="5.329" classname="EADCheckTimeTests.CheckCaseStatusTracking"/>
  <testcase name="checkCases" time="4.323" classname="EADCheckTimeTests.CheckCaseStatusTracking"/>
  <testcase name="checkCases" time="4.622" classname="EADCheckTimeTests.CheckCaseStatusTracking"/>
  <testcase name="checkCases" time="5.018" classname="EADCheckTimeTests.CheckCaseStatusTracking"/>
  <testcase name="checkCases" time="4.0" classname="EADCheckTimeTests.CheckCaseStatusTracking"/>
  <testcase name="checkCases" time="3.209" classname="EADCheckTimeTests.CheckCaseStatusTracking"/>
  <testcase name="checkCases" time="5.597" classname="EADCheckTimeTests.CheckCaseStatusTracking"/>
  <testcase name="checkCases" time="3.898" classname="EADCheckTimeTests.CheckCaseStatusTracking"/>
  <testcase name="checkCases" time="3.672" classname="EADCheckTimeTests.CheckCaseStatusTracking"/>
  <testcase name="checkCases" time="4.207" classname="EADCheckTimeTests.CheckCaseStatusTracking"/>
  <testcase name="checkCases" time="5.732" classname="EADCheckTimeTests.CheckCaseStatusTracking"/>
  <testcase name="checkCases" time="3.958" classname="EADCheckTimeTests.CheckCaseStatusTracking"/>
  <testcase name="checkCases" time="4.993" classname="EADCheckTimeTests.CheckCaseStatusTracking"/>
  <testcase name="checkCases" time="3.457" classname="EADCheckTimeTests.CheckCaseStatusTracking"/>
  <testcase name="checkCases" time="5.365" classname="EADCheckTimeTests.CheckCaseStatusTracking"/>
  <testcase name="checkCases" time="4.508" classname="EADCheckTimeTests.CheckCaseStatusTracking"/>
  <testcase name="checkCases" time="3.533" classname="EADCheckTimeTests.CheckCaseStatusTracking"/>
  <testcase name="checkCases" time="4.275" classname="EADCheckTimeTests.CheckCaseStatusTracking"/>
  <testcase name="checkCases" time="5.913" classname="EADCheckTimeTests.CheckCaseStatusTracking"/>
  <testcase name="checkCases" time="3.346" classname="EADCheckTimeTests.CheckCaseStatusTracking"/>
  <testcase name="checkCases" time="3.839" classname="EADCheckTimeTests.CheckCaseStatusTracking"/>
  <testcase name="checkCases" time="4.904" classname="EADCheckTimeTests.CheckCaseStatusTracking"/>
  <testcase name="checkCases" time="6.095" classname="EADCheckTimeTests.CheckCaseStatusTracking"/>
  <testcase name="checkCases" time="3.982" classname="EADCheckTimeTests.CheckCaseStatusTracking"/>
  <testcase name="checkCases" time="5.229" classname="EADCheckTimeTests.CheckCaseStatusTracking"/>
  <testcase name="checkCases" time="4.06" classname="EADCheckTimeTests.CheckCaseStatusTracking"/>
  <testcase name="checkCases" time="5.273" classname="EADCheckTimeTests.CheckCaseStatusTracking"/>
  <testcase name="checkCases" time="4.788" classname="EADCheckTimeTests.CheckCaseStatusTracking"/>
  <testcase name="checkCases" time="3.548" classname="EADCheckTimeTests.CheckCaseStatusTracking"/>
  <testcase name="checkCases" time="3.548" classname="EADCheckTimeTests.CheckCaseStatusTracking"/>
  <testcase name="checkCases" time="5.376" classname="EADCheckTimeTests.CheckCaseStatusTracking"/>
  <testcase name="checkCases" time="3.603" classname="EADCheckTimeTests.CheckCaseStatusTracking"/>
  <testcase name="checkCases" time="3.558" classname="EADCheckTimeTests.CheckCaseStatusTracking"/>
  <testcase name="checkCases" time="4.408" classname="EADCheckTimeTests.CheckCaseStatusTracking"/>
  <testcase name="checkCases" time="6.925" classname="EADCheckTimeTests.CheckCaseStatusTracking"/>
  <testcase name="checkCases" time="3.615" classname="EADCheckTimeTests.CheckCaseStatusTracking"/>
  <testcase name="checkCases" time="4.203" classname="EADCheckTimeTests.CheckCaseStatusTracking"/>
  <testcase name="checkCases" time="3.643" classname="EADCheckTimeTests.CheckCaseStatusTracking"/>
  <testcase name="checkCases" time="4.428" classname="EADCheckTimeTests.CheckCaseStatusTracking"/>
  <testcase name="checkCases" time="4.907" classname="EADCheckTimeTests.CheckCaseStatusTracking"/>
  <testcase name="checkCases" time="4.693" classname="EADCheckTimeTests.CheckCaseStatusTracking"/>
  <testcase name="checkCases" time="4.527" classname="EADCheckTimeTests.CheckCaseStatusTracking"/>
  <testcase name="checkCases" time="5.812" classname="EADCheckTimeTests.CheckCaseStatusTracking"/>
  <testcase name="checkCases" time="4.234" classname="EADCheckTimeTests.CheckCaseStatusTracking"/>
  <testcase name="checkCases" time="3.489" classname="EADCheckTimeTests.CheckCaseStatusTracking"/>
  <testcase name="checkCases" time="6.237" classname="EADCheckTimeTests.CheckCaseStatusTracking"/>
  <testcase name="checkCases" time="5.618" classname="EADCheckTimeTests.CheckCaseStatusTracking"/>
  <testcase name="checkCases" time="3.557" classname="EADCheckTimeTests.CheckCaseStatusTracking"/>
  <testcase name="checkCases" time="7.151" classname="EADCheckTimeTests.CheckCaseStatusTracking"/>
  <testcase name="checkCases" time="6.107" classname="EADCheckTimeTests.CheckCaseStatusTracking"/>
  <testcase name="checkCases" time="7.424" classname="EADCheckTimeTests.CheckCaseStatusTracking"/>
  <testcase name="checkCases" time="6.216" classname="EADCheckTimeTests.CheckCaseStatusTracking"/>
  <testcase name="checkCases" time="5.17" classname="EADCheckTimeTests.CheckCaseStatusTracking"/>
  <testcase name="checkCases" time="4.167" classname="EADCheckTimeTests.CheckCaseStatusTracking"/>
  <testcase name="checkCases" time="7.39" classname="EADCheckTimeTests.CheckCaseStatusTracking"/>
  <testcase name="checkCases" time="4.369" classname="EADCheckTimeTests.CheckCaseStatusTracking"/>
  <testcase name="checkCases" time="4.549" classname="EADCheckTimeTests.CheckCaseStatusTracking"/>
  <testcase name="checkCases" time="7.827" classname="EADCheckTimeTests.CheckCaseStatusTracking"/>
  <testcase name="checkCases" time="8.384" classname="EADCheckTimeTests.CheckCaseStatusTracking"/>
  <testcase name="checkCases" time="4.378" classname="EADCheckTimeTests.CheckCaseStatusTracking"/>
  <testcase name="checkCases" time="5.829" classname="EADCheckTimeTests.CheckCaseStatusTracking"/>
  <testcase name="checkCases" time="7.584" classname="EADCheckTimeTests.CheckCaseStatusTracking"/>
  <testcase name="checkCases" time="5.778" classname="EADCheckTimeTests.CheckCaseStatusTracking"/>
  <testcase name="checkCases" time="7.437" classname="EADCheckTimeTests.CheckCaseStatusTracking"/>
  <testcase name="checkCases" time="5.787" classname="EADCheckTimeTests.CheckCaseStatusTracking"/>
  <testcase name="checkCases" time="7.877" classname="EADCheckTimeTests.CheckCaseStatusTracking"/>
  <testcase name="checkCases" time="5.397" classname="EADCheckTimeTests.CheckCaseStatusTracking"/>
  <testcase name="checkCases" time="6.008" classname="EADCheckTimeTests.CheckCaseStatusTracking"/>
  <testcase name="checkCases" time="3.869" classname="EADCheckTimeTests.CheckCaseStatusTracking"/>
  <testcase name="checkCases" time="7.811" classname="EADCheckTimeTests.CheckCaseStatusTracking"/>
  <testcase name="checkCases" time="4.255" classname="EADCheckTimeTests.CheckCaseStatusTracking"/>
  <testcase name="checkCases" time="3.934" classname="EADCheckTimeTests.CheckCaseStatusTracking"/>
  <testcase name="checkCases" time="6.789" classname="EADCheckTimeTests.CheckCaseStatusTracking"/>
  <testcase name="checkCases" time="4.204" classname="EADCheckTimeTests.CheckCaseStatusTracking"/>
  <testcase name="checkCases" time="3.586" classname="EADCheckTimeTests.CheckCaseStatusTracking"/>
  <testcase name="checkCases" time="4.343" classname="EADCheckTimeTests.CheckCaseStatusTracking"/>
  <testcase name="checkCases" time="4.382" classname="EADCheckTimeTests.CheckCaseStatusTracking"/>
  <testcase name="checkCases" time="3.552" classname="EADCheckTimeTests.CheckCaseStatusTracking"/>
  <testcase name="checkCases" time="4.383" classname="EADCheckTimeTests.CheckCaseStatusTracking"/>
  <testcase name="checkCases" time="4.844" classname="EADCheckTimeTests.CheckCaseStatusTracking"/>
  <testcase name="checkCases" time="4.998" classname="EADCheckTimeTests.CheckCaseStatusTracking"/>
  <testcase name="checkCases" time="4.203" classname="EADCheckTimeTests.CheckCaseStatusTracking"/>
  <testcase name="checkCases" time="3.386" classname="EADCheckTimeTests.CheckCaseStatusTracking"/>
  <testcase name="checkCases" time="3.371" classname="EADCheckTimeTests.CheckCaseStatusTracking"/>
  <testcase name="checkCases" time="6.354" classname="EADCheckTimeTests.CheckCaseStatusTracking"/>
  <testcase name="checkCases" time="3.525" classname="EADCheckTimeTests.CheckCaseStatusTracking"/>
  <testcase name="checkCases" time="3.565" classname="EADCheckTimeTests.CheckCaseStatusTracking"/>
  <testcase name="checkCases" time="6.893" classname="EADCheckTimeTests.CheckCaseStatusTracking"/>
  <testcase name="checkCases" time="3.372" classname="EADCheckTimeTests.CheckCaseStatusTracking"/>
  <testcase name="checkCases" time="3.304" classname="EADCheckTimeTests.CheckCaseStatusTracking"/>
  <testcase name="checkCases" time="5.044" classname="EADCheckTimeTests.CheckCaseStatusTracking"/>
  <testcase name="checkCases" time="4.822" classname="EADCheckTimeTests.CheckCaseStatusTracking"/>
  <testcase name="checkCases" time="3.104" classname="EADCheckTimeTests.CheckCaseStatusTracking"/>
  <testcase name="checkCases" time="4.237" classname="EADCheckTimeTests.CheckCaseStatusTracking"/>
  <testcase name="checkCases" time="4.466" classname="EADCheckTimeTests.CheckCaseStatusTracking"/>
  <testcase name="checkCases" time="3.785" classname="EADCheckTimeTests.CheckCaseStatusTracking"/>
  <testcase name="checkCases" time="4.685" classname="EADCheckTimeTests.CheckCaseStatusTracking"/>
  <testcase name="checkCases" time="3.884" classname="EADCheckTimeTests.CheckCaseStatusTracking"/>
  <testcase name="checkCases" time="4.709" classname="EADCheckTimeTests.CheckCaseStatusTracking"/>
  <testcase name="checkCases" time="4.781" classname="EADCheckTimeTests.CheckCaseStatusTracking"/>
  <testcase name="checkCases" time="3.577" classname="EADCheckTimeTests.CheckCaseStatusTracking"/>
  <testcase name="checkCases" time="3.286" classname="EADCheckTimeTests.CheckCaseStatusTracking"/>
  <testcase name="checkCases" time="6.388" classname="EADCheckTimeTests.CheckCaseStatusTracking"/>
  <testcase name="checkCases" time="3.195" classname="EADCheckTimeTests.CheckCaseStatusTracking"/>
  <testcase name="checkCases" time="3.597" classname="EADCheckTimeTests.CheckCaseStatusTracking"/>
  <testcase name="checkCases" time="4.558" classname="EADCheckTimeTests.CheckCaseStatusTracking"/>
  <testcase name="checkCases" time="4.853" classname="EADCheckTimeTests.CheckCaseStatusTracking"/>
  <testcase name="checkCases" time="3.595" classname="EADCheckTimeTests.CheckCaseStatusTracking"/>
  <testcase name="checkCases" time="5.987" classname="EADCheckTimeTests.CheckCaseStatusTracking"/>
  <testcase name="checkCases" time="4.021" classname="EADCheckTimeTests.CheckCaseStatusTracking"/>
  <testcase name="checkCases" time="3.931" classname="EADCheckTimeTests.CheckCaseStatusTracking"/>
  <testcase name="checkCases" time="4.904" classname="EADCheckTimeTests.CheckCaseStatusTracking"/>
  <testcase name="checkCases" time="5.492" classname="EADCheckTimeTests.CheckCaseStatusTracking"/>
  <testcase name="checkCases" time="4.344" classname="EADCheckTimeTests.CheckCaseStatusTracking"/>
  <testcase name="checkCases" time="4.765" classname="EADCheckTimeTests.CheckCaseStatusTracking"/>
  <testcase name="checkCases" time="3.808" classname="EADCheckTimeTests.CheckCaseStatusTracking"/>
  <testcase name="checkCases" time="4.657" classname="EADCheckTimeTests.CheckCaseStatusTracking"/>
  <testcase name="checkCases" time="4.096" classname="EADCheckTimeTests.CheckCaseStatusTracking"/>
  <testcase name="checkCases" time="4.508" classname="EADCheckTimeTests.CheckCaseStatusTracking"/>
  <testcase name="checkCases" time="3.449" classname="EADCheckTimeTests.CheckCaseStatusTracking"/>
  <testcase name="checkCases" time="6.406" classname="EADCheckTimeTests.CheckCaseStatusTracking"/>
  <testcase name="checkCases" time="4.745" classname="EADCheckTimeTests.CheckCaseStatusTracking"/>
  <testcase name="checkCases" time="3.516" classname="EADCheckTimeTests.CheckCaseStatusTracking"/>
  <testcase name="checkCases" time="4.726" classname="EADCheckTimeTests.CheckCaseStatusTracking"/>
  <testcase name="checkCases" time="6.722" classname="EADCheckTimeTests.CheckCaseStatusTracking"/>
  <testcase name="checkCases" time="3.223" classname="EADCheckTimeTests.CheckCaseStatusTracking"/>
  <testcase name="checkCases" time="4.376" classname="EADCheckTimeTests.CheckCaseStatusTracking"/>
  <testcase name="checkCases" time="4.359" classname="EADCheckTimeTests.CheckCaseStatusTracking"/>
  <testcase name="checkCases" time="5.534" classname="EADCheckTimeTests.CheckCaseStatusTracking"/>
  <testcase name="checkCases" time="4.114" classname="EADCheckTimeTests.CheckCaseStatusTracking"/>
  <testcase name="checkCases" time="4.068" classname="EADCheckTimeTests.CheckCaseStatusTracking"/>
  <testcase name="checkCases" time="7.354" classname="EADCheckTimeTests.CheckCaseStatusTracking"/>
  <testcase name="checkCases" time="6.023" classname="EADCheckTimeTests.CheckCaseStatusTracking"/>
  <testcase name="checkCases" time="4.965" classname="EADCheckTimeTests.CheckCaseStatusTracking"/>
  <testcase name="checkCases" time="5.103" classname="EADCheckTimeTests.CheckCaseStatusTracking"/>
  <testcase name="checkCases" time="8.605" classname="EADCheckTimeTests.CheckCaseStatusTracking"/>
  <testcase name="checkCases" time="4.807" classname="EADCheckTimeTests.CheckCaseStatusTracking"/>
  <testcase name="checkCases" time="4.609" classname="EADCheckTimeTests.CheckCaseStatusTracking"/>
  <testcase name="checkCases" time="6.293" classname="EADCheckTimeTests.CheckCaseStatusTracking"/>
  <testcase name="checkCases" time="4.131" classname="EADCheckTimeTests.CheckCaseStatusTracking"/>
  <testcase name="checkCases" time="4.279" classname="EADCheckTimeTests.CheckCaseStatusTracking"/>
  <testcase name="checkCases" time="6.891" classname="EADCheckTimeTests.CheckCaseStatusTracking"/>
  <testcase name="checkCases" time="3.839" classname="EADCheckTimeTests.CheckCaseStatusTracking"/>
  <testcase name="checkCases" time="4.45" classname="EADCheckTimeTests.CheckCaseStatusTracking"/>
  <testcase name="checkCases" time="6.342" classname="EADCheckTimeTests.CheckCaseStatusTracking"/>
  <testcase name="checkCases" time="4.302" classname="EADCheckTimeTests.CheckCaseStatusTracking"/>
  <testcase name="checkCases" time="4.821" classname="EADCheckTimeTests.CheckCaseStatusTracking"/>
  <testcase name="checkCases" time="9.062" classname="EADCheckTimeTests.CheckCaseStatusTracking"/>
  <testcase name="checkCases" time="7.233" classname="EADCheckTimeTests.CheckCaseStatusTracking"/>
  <testcase name="checkCases" time="7.002" classname="EADCheckTimeTests.CheckCaseStatusTracking"/>
  <testcase name="checkCases" time="7.763" classname="EADCheckTimeTests.CheckCaseStatusTracking"/>
  <testcase name="checkCases" time="6.565" classname="EADCheckTimeTests.CheckCaseStatusTracking"/>
  <testcase name="checkCases" time="8.026" classname="EADCheckTimeTests.CheckCaseStatusTracking"/>
  <testcase name="checkCases" time="4.56" classname="EADCheckTimeTests.CheckCaseStatusTracking"/>
  <testcase name="checkCases" time="4.891" classname="EADCheckTimeTests.CheckCaseStatusTracking"/>
  <testcase name="checkCases" time="6.596" classname="EADCheckTimeTests.CheckCaseStatusTracking"/>
  <testcase name="checkCases" time="4.541" classname="EADCheckTimeTests.CheckCaseStatusTracking"/>
  <testcase name="checkCases" time="4.313" classname="EADCheckTimeTests.CheckCaseStatusTracking"/>
  <testcase name="checkCases" time="4.713" classname="EADCheckTimeTests.CheckCaseStatusTracking"/>
  <testcase name="checkCases" time="5.505" classname="EADCheckTimeTests.CheckCaseStatusTracking"/>
  <testcase name="checkCases" time="3.977" classname="EADCheckTimeTests.CheckCaseStatusTracking"/>
  <testcase name="checkCases" time="3.77" classname="EADCheckTimeTests.CheckCaseStatusTracking"/>
  <testcase name="checkCases" time="5.511" classname="EADCheckTimeTests.CheckCaseStatusTracking"/>
  <testcase name="checkCases" time="3.607" classname="EADCheckTimeTests.CheckCaseStatusTracking"/>
  <testcase name="checkCases" time="4.246" classname="EADCheckTimeTests.CheckCaseStatusTracking"/>
  <testcase name="checkCases" time="5.943" classname="EADCheckTimeTests.CheckCaseStatusTracking"/>
  <testcase name="checkCases" time="6.399" classname="EADCheckTimeTests.CheckCaseStatusTracking"/>
  <testcase name="checkCases" time="6.557" classname="EADCheckTimeTests.CheckCaseStatusTracking"/>
  <testcase name="checkCases" time="4.593" classname="EADCheckTimeTests.CheckCaseStatusTracking"/>
  <testcase name="checkCases" time="4.317" classname="EADCheckTimeTests.CheckCaseStatusTracking"/>
  <testcase name="checkCases" time="3.519" classname="EADCheckTimeTests.CheckCaseStatusTracking"/>
  <testcase name="checkCases" time="4.151" classname="EADCheckTimeTests.CheckCaseStatusTracking"/>
  <testcase name="checkCases" time="4.368" classname="EADCheckTimeTests.CheckCaseStatusTracking"/>
  <testcase name="checkCases" time="3.281" classname="EADCheckTimeTests.CheckCaseStatusTracking"/>
  <testcase name="checkCases" time="4.626" classname="EADCheckTimeTests.CheckCaseStatusTracking"/>
  <testcase name="checkCases" time="4.014" classname="EADCheckTimeTests.CheckCaseStatusTracking"/>
  <testcase name="checkCases" time="4.469" classname="EADCheckTimeTests.CheckCaseStatusTracking"/>
  <testcase name="checkCases" time="4.431" classname="EADCheckTimeTests.CheckCaseStatusTracking"/>
  <testcase name="checkCases" time="4.265" classname="EADCheckTimeTests.CheckCaseStatusTracking"/>
  <testcase name="checkCases" time="4.062" classname="EADCheckTimeTests.CheckCaseStatusTracking"/>
  <testcase name="checkCases" time="4.386" classname="EADCheckTimeTests.CheckCaseStatusTracking"/>
  <testcase name="checkCases" time="3.585" classname="EADCheckTimeTests.CheckCaseStatusTracking"/>
  <testcase name="checkCases" time="4.321" classname="EADCheckTimeTests.CheckCaseStatusTracking"/>
  <testcase name="checkCases" time="7.014" classname="EADCheckTimeTests.CheckCaseStatusTracking"/>
  <testcase name="checkCases" time="4.971" classname="EADCheckTimeTests.CheckCaseStatusTracking"/>
  <testcase name="checkCases" time="3.858" classname="EADCheckTimeTests.CheckCaseStatusTracking"/>
  <testcase name="checkCases" time="4.812" classname="EADCheckTimeTests.CheckCaseStatusTracking"/>
  <testcase name="checkCases" time="4.906" classname="EADCheckTimeTests.CheckCaseStatusTracking"/>
  <testcase name="checkCases" time="3.364" classname="EADCheckTimeTests.CheckCaseStatusTracking"/>
  <testcase name="checkCases" time="4.747" classname="EADCheckTimeTests.CheckCaseStatusTracking"/>
  <testcase name="checkCases" time="3.888" classname="EADCheckTimeTests.CheckCaseStatusTracking"/>
  <testcase name="checkCases" time="4.957" classname="EADCheckTimeTests.CheckCaseStatusTracking"/>
  <testcase name="checkCases" time="4.313" classname="EADCheckTimeTests.CheckCaseStatusTracking"/>
  <testcase name="checkCases" time="3.411" classname="EADCheckTimeTests.CheckCaseStatusTracking"/>
  <testcase name="checkCases" time="3.854" classname="EADCheckTimeTests.CheckCaseStatusTracking"/>
  <testcase name="checkCases" time="6.863" classname="EADCheckTimeTests.CheckCaseStatusTracking"/>
  <testcase name="checkCases" time="4.764" classname="EADCheckTimeTests.CheckCaseStatusTracking"/>
  <testcase name="checkCases" time="3.274" classname="EADCheckTimeTests.CheckCaseStatusTracking"/>
  <testcase name="checkCases" time="5.067" classname="EADCheckTimeTests.CheckCaseStatusTracking"/>
  <testcase name="checkCases" time="4.424" classname="EADCheckTimeTests.CheckCaseStatusTracking"/>
  <testcase name="checkCases" time="3.596" classname="EADCheckTimeTests.CheckCaseStatusTracking"/>
  <testcase name="checkCases" time="5.106" classname="EADCheckTimeTests.CheckCaseStatusTracking"/>
  <testcase name="checkCases" time="3.506" classname="EADCheckTimeTests.CheckCaseStatusTracking"/>
  <testcase name="checkCases" time="5.552" classname="EADCheckTimeTests.CheckCaseStatusTracking"/>
  <testcase name="checkCases" time="4.297" classname="EADCheckTimeTests.CheckCaseStatusTracking"/>
  <testcase name="checkCases" time="3.796" classname="EADCheckTimeTests.CheckCaseStatusTracking"/>
  <testcase name="checkCases" time="3.473" classname="EADCheckTimeTests.CheckCaseStatusTracking"/>
  <testcase name="checkCases" time="5.623" classname="EADCheckTimeTests.CheckCaseStatusTracking"/>
  <testcase name="checkCases" time="3.382" classname="EADCheckTimeTests.CheckCaseStatusTracking"/>
  <testcase name="checkCases" time="3.399" classname="EADCheckTimeTests.CheckCaseStatusTracking"/>
  <testcase name="checkCases" time="4.455" classname="EADCheckTimeTests.CheckCaseStatusTracking"/>
  <testcase name="checkCases" time="6.551" classname="EADCheckTimeTests.CheckCaseStatusTracking"/>
  <testcase name="checkCases" time="4.86" classname="EADCheckTimeTests.CheckCaseStatusTracking"/>
  <testcase name="checkCases" time="5.493" classname="EADCheckTimeTests.CheckCaseStatusTracking"/>
  <testcase name="checkCases" time="5.293" classname="EADCheckTimeTests.CheckCaseStatusTracking"/>
  <testcase name="checkCases" time="6.421" classname="EADCheckTimeTests.CheckCaseStatusTracking"/>
  <testcase name="checkCases" time="5.304" classname="EADCheckTimeTests.CheckCaseStatusTracking"/>
  <testcase name="checkCases" time="5.281" classname="EADCheckTimeTests.CheckCaseStatusTracking"/>
  <testcase name="checkCases" time="5.775" classname="EADCheckTimeTests.CheckCaseStatusTracking"/>
  <testcase name="checkCases" time="12.093" classname="EADCheckTimeTests.CheckCaseStatusTracking"/>
  <testcase name="checkCases" time="7.628" classname="EADCheckTimeTests.CheckCaseStatusTracking"/>
  <testcase name="checkCases" time="4.242" classname="EADCheckTimeTests.CheckCaseStatusTracking"/>
  <testcase name="checkCases" time="6.79" classname="EADCheckTimeTests.CheckCaseStatusTracking"/>
  <testcase name="checkCases" time="6.222" classname="EADCheckTimeTests.CheckCaseStatusTracking"/>
  <testcase name="checkCases" time="7.118" classname="EADCheckTimeTests.CheckCaseStatusTracking"/>
  <testcase name="checkCases" time="6.01" classname="EADCheckTimeTests.CheckCaseStatusTracking"/>
  <testcase name="checkCases" time="5.186" classname="EADCheckTimeTests.CheckCaseStatusTracking"/>
  <testcase name="checkCases" time="4.836" classname="EADCheckTimeTests.CheckCaseStatusTracking"/>
  <testcase name="checkCases" time="8.358" classname="EADCheckTimeTests.CheckCaseStatusTracking"/>
  <testcase name="checkCases" time="4.701" classname="EADCheckTimeTests.CheckCaseStatusTracking"/>
  <testcase name="checkCases" time="4.31" classname="EADCheckTimeTests.CheckCaseStatusTracking"/>
  <testcase name="checkCases" time="5.458" classname="EADCheckTimeTests.CheckCaseStatusTracking"/>
  <testcase name="checkCases" time="8.237" classname="EADCheckTimeTests.CheckCaseStatusTracking"/>
  <testcase name="checkCases" time="4.786" classname="EADCheckTimeTests.CheckCaseStatusTracking"/>
  <testcase name="checkCases" time="5.244" classname="EADCheckTimeTests.CheckCaseStatusTracking"/>
  <testcase name="checkCases" time="5.324" classname="EADCheckTimeTests.CheckCaseStatusTracking"/>
  <testcase name="checkCases" time="5.29" classname="EADCheckTimeTests.CheckCaseStatusTracking"/>
  <testcase name="checkCases" time="5.358" classname="EADCheckTimeTests.CheckCaseStatusTracking"/>
  <testcase name="checkCases" time="3.782" classname="EADCheckTimeTests.CheckCaseStatusTracking"/>
  <testcase name="checkCases" time="4.233" classname="EADCheckTimeTests.CheckCaseStatusTracking"/>
  <testcase name="checkCases" time="6.451" classname="EADCheckTimeTests.CheckCaseStatusTracking"/>
  <testcase name="checkCases" time="4.935" classname="EADCheckTimeTests.CheckCaseStatusTracking"/>
  <testcase name="checkCases" time="3.974" classname="EADCheckTimeTests.CheckCaseStatusTracking"/>
  <testcase name="checkCases" time="4.859" classname="EADCheckTimeTests.CheckCaseStatusTracking"/>
  <testcase name="checkCases" time="4.834" classname="EADCheckTimeTests.CheckCaseStatusTracking"/>
  <testcase name="checkCases" time="4.094" classname="EADCheckTimeTests.CheckCaseStatusTracking"/>
  <testcase name="checkCases" time="4.908" classname="EADCheckTimeTests.CheckCaseStatusTracking"/>
  <testcase name="checkCases" time="3.369" classname="EADCheckTimeTests.CheckCaseStatusTracking"/>
  <testcase name="checkCases" time="4.433" classname="EADCheckTimeTests.CheckCaseStatusTracking"/>
  <testcase name="checkCases" time="5.03" classname="EADCheckTimeTests.CheckCaseStatusTracking"/>
  <testcase name="checkCases" time="4.238" classname="EADCheckTimeTests.CheckCaseStatusTracking"/>
  <testcase name="checkCases" time="3.793" classname="EADCheckTimeTests.CheckCaseStatusTracking"/>
  <testcase name="checkCases" time="6.888" classname="EADCheckTimeTests.CheckCaseStatusTracking"/>
  <testcase name="checkCases" time="3.586" classname="EADCheckTimeTests.CheckCaseStatusTracking"/>
  <testcase name="checkCases" time="3.142" classname="EADCheckTimeTests.CheckCaseStatusTracking"/>
  <testcase name="checkCases" time="5.57" classname="EADCheckTimeTests.CheckCaseStatusTracking"/>
  <testcase name="checkCases" time="4.992" classname="EADCheckTimeTests.CheckCaseStatusTracking"/>
  <testcase name="checkCases" time="3.894" classname="EADCheckTimeTests.CheckCaseStatusTracking"/>
  <testcase name="checkCases" time="4.91" classname="EADCheckTimeTests.CheckCaseStatusTracking"/>
  <testcase name="checkCases" time="4.608" classname="EADCheckTimeTests.CheckCaseStatusTracking"/>
  <testcase name="checkCases" time="4.742" classname="EADCheckTimeTests.CheckCaseStatusTracking"/>
  <testcase name="checkCases" time="4.27" classname="EADCheckTimeTests.CheckCaseStatusTracking"/>
  <testcase name="checkCases" time="3.258" classname="EADCheckTimeTests.CheckCaseStatusTracking"/>
  <testcase name="checkCases" time="4.6" classname="EADCheckTimeTests.CheckCaseStatusTracking"/>
  <testcase name="checkCases" time="4.365" classname="EADCheckTimeTests.CheckCaseStatusTracking"/>
  <testcase name="checkCases" time="3.617" classname="EADCheckTimeTests.CheckCaseStatusTracking"/>
  <testcase name="checkCases" time="4.466" classname="EADCheckTimeTests.CheckCaseStatusTracking"/>
  <testcase name="checkCases" time="4.805" classname="EADCheckTimeTests.CheckCaseStatusTracking"/>
  <testcase name="checkCases" time="3.211" classname="EADCheckTimeTests.CheckCaseStatusTracking"/>
  <testcase name="checkCases" time="3.303" classname="EADCheckTimeTests.CheckCaseStatusTracking"/>
  <testcase name="checkCases" time="5.615" classname="EADCheckTimeTests.CheckCaseStatusTracking"/>
  <testcase name="checkCases" time="3.144" classname="EADCheckTimeTests.CheckCaseStatusTracking"/>
  <testcase name="checkCases" time="3.27" classname="EADCheckTimeTests.CheckCaseStatusTracking"/>
  <testcase name="checkCases" time="5.175" classname="EADCheckTimeTests.CheckCaseStatusTracking"/>
  <testcase name="checkCases" time="3.299" classname="EADCheckTimeTests.CheckCaseStatusTracking"/>
  <testcase name="checkCases" time="3.14" classname="EADCheckTimeTests.CheckCaseStatusTracking"/>
  <testcase name="checkCases" time="5.229" classname="EADCheckTimeTests.CheckCaseStatusTracking"/>
  <testcase name="checkCases" time="3.177" classname="EADCheckTimeTests.CheckCaseStatusTracking"/>
  <testcase name="checkCases" time="3.321" classname="EADCheckTimeTests.CheckCaseStatusTracking"/>
  <testcase name="checkCases" time="5.409" classname="EADCheckTimeTests.CheckCaseStatusTracking"/>
  <testcase name="checkCases" time="3.398" classname="EADCheckTimeTests.CheckCaseStatusTracking"/>
  <testcase name="checkCases" time="3.355" classname="EADCheckTimeTests.CheckCaseStatusTracking"/>
  <testcase name="checkCases" time="4.609" classname="EADCheckTimeTests.CheckCaseStatusTracking"/>
  <testcase name="checkCases" time="4.304" classname="EADCheckTimeTests.CheckCaseStatusTracking"/>
  <testcase name="checkCases" time="4.161" classname="EADCheckTimeTests.CheckCaseStatusTracking"/>
  <testcase name="checkCases" time="4.339" classname="EADCheckTimeTests.CheckCaseStatusTracking"/>
  <testcase name="checkCases" time="4.702" classname="EADCheckTimeTests.CheckCaseStatusTracking"/>
  <testcase name="checkCases" time="4.266" classname="EADCheckTimeTests.CheckCaseStatusTracking"/>
  <testcase name="checkCases" time="5.195" classname="EADCheckTimeTests.CheckCaseStatusTracking"/>
  <testcase name="checkCases" time="6.15" classname="EADCheckTimeTests.CheckCaseStatusTracking"/>
  <testcase name="checkCases" time="4.847" classname="EADCheckTimeTests.CheckCaseStatusTracking"/>
  <testcase name="checkCases" time="4.252" classname="EADCheckTimeTests.CheckCaseStatusTracking"/>
  <testcase name="checkCases" time="3.813" classname="EADCheckTimeTests.CheckCaseStatusTracking"/>
  <testcase name="checkCases" time="5.17" classname="EADCheckTimeTests.CheckCaseStatusTracking"/>
  <testcase name="checkCases" time="5.715" classname="EADCheckTimeTests.CheckCaseStatusTracking"/>
  <testcase name="checkCases" time="4.264" classname="EADCheckTimeTests.CheckCaseStatusTracking"/>
  <testcase name="checkCases" time="4.353" classname="EADCheckTimeTests.CheckCaseStatusTracking"/>
  <testcase name="checkCases" time="7.197" classname="EADCheckTimeTests.CheckCaseStatusTracking"/>
  <testcase name="checkCases" time="4.278" classname="EADCheckTimeTests.CheckCaseStatusTracking"/>
  <testcase name="checkCases" time="4.54" classname="EADCheckTimeTests.CheckCaseStatusTracking"/>
  <testcase name="checkCases" time="6.599" classname="EADCheckTimeTests.CheckCaseStatusTracking"/>
  <testcase name="checkCases" time="6.581" classname="EADCheckTimeTests.CheckCaseStatusTracking"/>
  <testcase name="checkCases" time="3.97" classname="EADCheckTimeTests.CheckCaseStatusTracking"/>
  <testcase name="checkCases" time="5.904" classname="EADCheckTimeTests.CheckCaseStatusTracking"/>
  <testcase name="checkCases" time="6.848" classname="EADCheckTimeTests.CheckCaseStatusTracking"/>
  <testcase name="checkCases" time="7.827" classname="EADCheckTimeTests.CheckCaseStatusTracking"/>
  <testcase name="checkCases" time="6.086" classname="EADCheckTimeTests.CheckCaseStatusTracking"/>
  <testcase name="checkCases" time="5.92" classname="EADCheckTimeTests.CheckCaseStatusTracking"/>
  <testcase name="checkCases" time="4.261" classname="EADCheckTimeTests.CheckCaseStatusTracking"/>
  <testcase name="checkCases" time="7.65" classname="EADCheckTimeTests.CheckCaseStatusTracking"/>
  <testcase name="checkCases" time="4.036" classname="EADCheckTimeTests.CheckCaseStatusTracking"/>
  <testcase name="checkCases" time="4.322" classname="EADCheckTimeTests.CheckCaseStatusTracking"/>
  <testcase name="checkCases" time="7.597" classname="EADCheckTimeTests.CheckCaseStatusTracking"/>
  <testcase name="checkCases" time="3.627" classname="EADCheckTimeTests.CheckCaseStatusTracking"/>
  <testcase name="checkCases" time="4.415" classname="EADCheckTimeTests.CheckCaseStatusTracking"/>
  <testcase name="checkCases" time="5.259" classname="EADCheckTimeTests.CheckCaseStatusTracking"/>
  <testcase name="checkCases" time="6.682" classname="EADCheckTimeTests.CheckCaseStatusTracking"/>
  <testcase name="checkCases" time="4.371" classname="EADCheckTimeTests.CheckCaseStatusTracking"/>
  <testcase name="checkCases" time="5.409" classname="EADCheckTimeTests.CheckCaseStatusTracking"/>
  <testcase name="checkCases" time="4.847" classname="EADCheckTimeTests.CheckCaseStatusTracking"/>
  <testcase name="checkCases" time="3.75" classname="EADCheckTimeTests.CheckCaseStatusTracking"/>
  <testcase name="checkCases" time="5.715" classname="EADCheckTimeTests.CheckCaseStatusTracking"/>
  <testcase name="checkCases" time="4.814" classname="EADCheckTimeTests.CheckCaseStatusTracking"/>
  <testcase name="checkCases" time="6.419" classname="EADCheckTimeTests.CheckCaseStatusTracking"/>
  <testcase name="checkCases" time="5.282" classname="EADCheckTimeTests.CheckCaseStatusTracking"/>
  <testcase name="checkCases" time="4.204" classname="EADCheckTimeTests.CheckCaseStatusTracking"/>
  <testcase name="checkCases" time="4.29" classname="EADCheckTimeTests.CheckCaseStatusTracking"/>
  <testcase name="checkCases" time="7.502" classname="EADCheckTimeTests.CheckCaseStatusTracking"/>
  <testcase name="checkCases" time="3.665" classname="EADCheckTimeTests.CheckCaseStatusTracking"/>
  <testcase name="checkCases" time="4.066" classname="EADCheckTimeTests.CheckCaseStatusTracking"/>
  <testcase name="checkCases" time="6.363" classname="EADCheckTimeTests.CheckCaseStatusTracking"/>
  <testcase name="checkCases" time="3.801" classname="EADCheckTimeTests.CheckCaseStatusTracking"/>
  <testcase name="checkCases" time="3.763" classname="EADCheckTimeTests.CheckCaseStatusTracking"/>
  <testcase name="checkCases" time="5.213" classname="EADCheckTimeTests.CheckCaseStatusTracking"/>
  <testcase name="checkCases" time="7.543" classname="EADCheckTimeTests.CheckCaseStatusTracking"/>
  <testcase name="checkCases" time="4.183" classname="EADCheckTimeTests.CheckCaseStatusTracking"/>
  <testcase name="checkCases" time="4.439" classname="EADCheckTimeTests.CheckCaseStatusTracking"/>
  <testcase name="checkCases" time="4.455" classname="EADCheckTimeTests.CheckCaseStatusTracking"/>
  <testcase name="checkCases" time="3.135" classname="EADCheckTimeTests.CheckCaseStatusTracking"/>
  <testcase name="checkCases" time="4.211" classname="EADCheckTimeTests.CheckCaseStatusTracking"/>
  <testcase name="checkCases" time="4.439" classname="EADCheckTimeTests.CheckCaseStatusTracking"/>
  <testcase name="checkCases" time="3.592" classname="EADCheckTimeTests.CheckCaseStatusTracking"/>
  <testcase name="checkCases" time="4.108" classname="EADCheckTimeTests.CheckCaseStatusTracking"/>
  <testcase name="checkCases" time="4.996" classname="EADCheckTimeTests.CheckCaseStatusTracking"/>
  <testcase name="checkCases" time="3.93" classname="EADCheckTimeTests.CheckCaseStatusTracking"/>
  <testcase name="checkCases" time="5.103" classname="EADCheckTimeTests.CheckCaseStatusTracking"/>
  <testcase name="checkCases" time="3.706" classname="EADCheckTimeTests.CheckCaseStatusTracking"/>
  <testcase name="checkCases" time="4.372" classname="EADCheckTimeTests.CheckCaseStatusTracking"/>
  <testcase name="checkCases" time="4.716" classname="EADCheckTimeTests.CheckCaseStatusTracking"/>
  <testcase name="checkCases" time="4.81" classname="EADCheckTimeTests.CheckCaseStatusTracking"/>
  <testcase name="checkCases" time="3.899" classname="EADCheckTimeTests.CheckCaseStatusTracking"/>
  <testcase name="checkCases" time="5.967" classname="EADCheckTimeTests.CheckCaseStatusTracking"/>
  <testcase name="checkCases" time="3.769" classname="EADCheckTimeTests.CheckCaseStatusTracking"/>
  <testcase name="checkCases" time="3.842" classname="EADCheckTimeTests.CheckCaseStatusTracking"/>
  <testcase name="checkCases" time="6.547" classname="EADCheckTimeTests.CheckCaseStatusTracking"/>
  <testcase name="checkCases" time="3.176" classname="EADCheckTimeTests.CheckCaseStatusTracking"/>
  <testcase name="checkCases" time="3.429" classname="EADCheckTimeTests.CheckCaseStatusTracking"/>
  <testcase name="checkCases" time="4.421" classname="EADCheckTimeTests.CheckCaseStatusTracking"/>
  <testcase name="checkCases" time="5.295" classname="EADCheckTimeTests.CheckCaseStatusTracking"/>
  <testcase name="checkCases" time="4.484" classname="EADCheckTimeTests.CheckCaseStatusTracking"/>
  <testcase name="checkCases" time="4.592" classname="EADCheckTimeTests.CheckCaseStatusTracking"/>
  <testcase name="checkCases" time="3.672" classname="EADCheckTimeTests.CheckCaseStatusTracking"/>
  <testcase name="checkCases" time="4.975" classname="EADCheckTimeTests.CheckCaseStatusTracking"/>
  <testcase name="checkCases" time="4.763" classname="EADCheckTimeTests.CheckCaseStatusTracking"/>
  <testcase name="checkCases" time="3.57" classname="EADCheckTimeTests.CheckCaseStatusTracking"/>
  <testcase name="checkCases" time="3.574" classname="EADCheckTimeTests.CheckCaseStatusTracking"/>
  <testcase name="checkCases" time="6.689" classname="EADCheckTimeTests.CheckCaseStatusTracking"/>
  <testcase name="checkCases" time="3.455" classname="EADCheckTimeTests.CheckCaseStatusTracking"/>
  <testcase name="checkCases" time="3.654" classname="EADCheckTimeTests.CheckCaseStatusTracking"/>
  <testcase name="checkCases" time="4.148" classname="EADCheckTimeTests.CheckCaseStatusTracking"/>
  <testcase name="checkCases" time="4.241" classname="EADCheckTimeTests.CheckCaseStatusTracking"/>
  <testcase name="checkCases" time="2.966" classname="EADCheckTimeTests.CheckCaseStatusTracking"/>
  <testcase name="checkCases" time="4.203" classname="EADCheckTimeTests.CheckCaseStatusTracking"/>
  <testcase name="checkCases" time="4.165" classname="EADCheckTimeTests.CheckCaseStatusTracking"/>
  <testcase name="checkCases" time="3.295" classname="EADCheckTimeTests.CheckCaseStatusTracking"/>
  <testcase name="checkCases" time="4.056" classname="EADCheckTimeTests.CheckCaseStatusTracking"/>
  <testcase name="checkCases" time="3.961" classname="EADCheckTimeTests.CheckCaseStatusTracking"/>
  <testcase name="checkCases" time="2.869" classname="EADCheckTimeTests.CheckCaseStatusTracking"/>
  <testcase name="checkCases" time="4.104" classname="EADCheckTimeTests.CheckCaseStatusTracking"/>
  <testcase name="checkCases" time="3.496" classname="EADCheckTimeTests.CheckCaseStatusTracking"/>
  <testcase name="checkCases" time="4.538" classname="EADCheckTimeTests.CheckCaseStatusTracking"/>
  <testcase name="checkCases" time="4.171" classname="EADCheckTimeTests.CheckCaseStatusTracking"/>
  <testcase name="checkCases" time="5.338" classname="EADCheckTimeTests.CheckCaseStatusTracking"/>
  <testcase name="checkCases" time="3.963" classname="EADCheckTimeTests.CheckCaseStatusTracking"/>
  <testcase name="checkCases" time="5.323" classname="EADCheckTimeTests.CheckCaseStatusTracking"/>
  <testcase name="checkCases" time="4.55" classname="EADCheckTimeTests.CheckCaseStatusTracking"/>
  <testcase name="checkCases" time="6.583" classname="EADCheckTimeTests.CheckCaseStatusTracking"/>
  <testcase name="checkCases" time="5.755" classname="EADCheckTimeTests.CheckCaseStatusTracking"/>
  <testcase name="checkCases" time="4.869" classname="EADCheckTimeTests.CheckCaseStatusTracking"/>
  <testcase name="checkCases" time="4.497" classname="EADCheckTimeTests.CheckCaseStatusTracking"/>
  <testcase name="checkCases" time="7.945" classname="EADCheckTimeTests.CheckCaseStatusTracking"/>
  <testcase name="checkCases" time="4.035" classname="EADCheckTimeTests.CheckCaseStatusTracking"/>
  <testcase name="checkCases" time="3.561" classname="EADCheckTimeTests.CheckCaseStatusTracking"/>
  <testcase name="checkCases" time="6.82" classname="EADCheckTimeTests.CheckCaseStatusTracking"/>
  <testcase name="checkCases" time="4.168" classname="EADCheckTimeTests.CheckCaseStatusTracking"/>
  <testcase name="checkCases" time="4.405" classname="EADCheckTimeTests.CheckCaseStatusTracking"/>
  <testcase name="checkCases" time="6.25" classname="EADCheckTimeTests.CheckCaseStatusTracking"/>
  <testcase name="checkCases" time="6.801" classname="EADCheckTimeTests.CheckCaseStatusTracking"/>
  <testcase name="checkCases" time="4.086" classname="EADCheckTimeTests.CheckCaseStatusTracking"/>
  <testcase name="checkCases" time="5.386" classname="EADCheckTimeTests.CheckCaseStatusTracking"/>
  <testcase name="checkCases" time="4.663" classname="EADCheckTimeTests.CheckCaseStatusTracking"/>
  <testcase name="checkCases" time="6.096" classname="EADCheckTimeTests.CheckCaseStatusTracking"/>
  <testcase name="checkCases" time="4.62" classname="EADCheckTimeTests.CheckCaseStatusTracking"/>
  <testcase name="checkCases" time="3.712" classname="EADCheckTimeTests.CheckCaseStatusTracking"/>
  <testcase name="checkCases" time="5.931" classname="EADCheckTimeTests.CheckCaseStatusTracking"/>
[...]
  <testcase name="checkCases" time="5.922" classname="EADCheckTimeTests.CheckCaseStatusTracking"/>
  <testcase name="checkCases" time="4.639" classname="EADCheckTimeTests.CheckCaseStatusTracking"/>
  <testcase name="checkCases" time="8.279" classname="EADCheckTimeTests.CheckCaseStatusTracking"/>
  <testcase name="checkCases" time="7.672" classname="EADCheckTimeTests.CheckCaseStatusTracking"/>
  <testcase name="checkCases" time="5.092" classname="EADCheckTimeTests.CheckCaseStatusTracking"/>
  <testcase name="checkCases" time="8.128" classname="EADCheckTimeTests.CheckCaseStatusTracking"/>
  <testcase name="checkCases" time="7.958" classname="EADCheckTimeTests.CheckCaseStatusTracking"/>
  <testcase name="checkCases" time="4.566" classname="EADCheckTimeTests.CheckCaseStatusTracking"/>
  <testcase name="checkCases" time="5.786" classname="EADCheckTimeTests.CheckCaseStatusTracking"/>
  <testcase name="checkCases" time="6.438" classname="EADCheckTimeTests.CheckCaseStatusTracking"/>
  <testcase name="checkCases" time="4.498" classname="EADCheckTimeTests.CheckCaseStatusTracking"/>
  <testcase name="checkCases" time="5.718" classname="EADCheckTimeTests.CheckCaseStatusTracking"/>
  <testcase name="checkCases" time="7.023" classname="EADCheckTimeTests.CheckCaseStatusTracking"/>
  <testcase name="checkCases" time="4.905" classname="EADCheckTimeTests.CheckCaseStatusTracking"/>
  <testcase name="checkCases" time="6.428" classname="EADCheckTimeTests.CheckCaseStatusTracking"/>
  <testcase name="checkCases" time="7.397" classname="EADCheckTimeTests.CheckCaseStatusTracking"/>
  <testcase name="checkCases" time="5.181" classname="EADCheckTimeTests.CheckCaseStatusTracking"/>
  <testcase name="checkCases" time="5.22" classname="EADCheckTimeTests.CheckCaseStatusTracking"/>
  <testcase name="checkCases" time="4.95" classname="EADCheckTimeTests.CheckCaseStatusTracking"/>
  <testcase name="checkCases" time="4.086" classname="EADCheckTimeTests.CheckCaseStatusTracking"/>
  <testcase name="checkCases" time="4.772" classname="EADCheckTimeTests.CheckCaseStatusTracking"/>
  <testcase name="checkCases" time="5.651" classname="EADCheckTimeTests.CheckCaseStatusTracking"/>
  <testcase name="checkCases" time="3.713" classname="EADCheckTimeTests.CheckCaseStatusTracking"/>
  <testcase name="checkCases" time="4.995" classname="EADCheckTimeTests.CheckCaseStatusTracking"/>
  <testcase name="checkCases" time="4.853" classname="EADCheckTimeTests.CheckCaseStatusTracking"/>
  <testcase name="checkCases" time="3.601" classname="EADCheckTimeTests.CheckCaseStatusTracking"/>
  <testcase name="checkCases" time="5.234" classname="EADCheckTimeTests.CheckCaseStatusTracking"/>
  <testcase name="checkCases" time="5.888" classname="EADCheckTimeTests.CheckCaseStatusTracking"/>
  <testcase name="checkCases" time="4.137" classname="EADCheckTimeTests.CheckCaseStatusTracking"/>
  <testcase name="checkCases" time="4.921" classname="EADCheckTimeTests.CheckCaseStatusTracking"/>
  <testcase name="checkCases" time="4.963" classname="EADCheckTimeTests.CheckCaseStatusTracking"/>
  <testcase name="checkCases" time="3.435" classname="EADCheckTimeTests.CheckCaseStatusTracking"/>
  <testcase name="checkCases" time="5.951" classname="EADCheckTimeTests.CheckCaseStatusTracking"/>
  <testcase name="checkCases" time="5.143" classname="EADCheckTimeTests.CheckCaseStatusTracking"/>
  <testcase name="checkCases" time="3.984" classname="EADCheckTimeTests.CheckCaseStatusTracking"/>
  <testcase name="checkCases" time="5.228" classname="EADCheckTimeTests.CheckCaseStatusTracking"/>
  <testcase name="checkCases" time="3.843" classname="EADCheckTimeTests.CheckCaseStatusTracking"/>
  <testcase name="checkCases" time="6.211" classname="EADCheckTimeTests.CheckCaseStatusTracking"/>
  <testcase name="checkCases" time="5.535" classname="EADCheckTimeTests.CheckCaseStatusTracking"/>
  <testcase name="checkCases" time="6.535" classname="EADCheckTimeTests.CheckCaseStatusTracking"/>
  <testcase name="checkCases" time="3.744" classname="EADCheckTimeTests.CheckCaseStatusTracking"/>
  <testcase name="checkCases" time="5.828" classname="EADCheckTimeTests.CheckCaseStatusTracking"/>
  <testcase name="checkCases" time="4.549" classname="EADCheckTimeTests.CheckCaseStatusTracking"/>
  <testcase name="checkCases" time="5.206" classname="EADCheckTimeTests.CheckCaseStatusTracking"/>
  <testcase name="checkCases" time="5.051" classname="EADCheckTimeTests.CheckCaseStatusTracking"/>
  <testcase name="checkCases" time="5.263" classname="EADCheckTimeTests.CheckCaseStatusTracking"/>
  <testcase name="checkCases" time="4.587" classname="EADCheckTimeTests.CheckCaseStatusTracking"/>
  <testcase name="checkCases" time="5.056" classname="EADCheckTimeTests.CheckCaseStatusTracking"/>
  <testcase name="checkCases" time="5.915" classname="EADCheckTimeTests.CheckCaseStatusTracking"/>
  <testcase name="checkCases" time="5.704" classname="EADCheckTimeTests.CheckCaseStatusTracking"/>
  <testcase name="checkCases" time="6.695" classname="EADCheckTimeTests.CheckCaseStatusTracking"/>
  <testcase name="checkCases" time="4.048" classname="EADCheckTimeTests.CheckCaseStatusTracking"/>
  <testcase name="checkCases" time="5.68" classname="EADCheckTimeTests.CheckCaseStatusTracking"/>
  <testcase name="checkCases" time="4.645" classname="EADCheckTimeTests.CheckCaseStatusTracking"/>
  <testcase name="checkCases" time="4.883" classname="EADCheckTimeTests.CheckCaseStatusTracking"/>
  <testcase name="checkCases" time="3.543" classname="EADCheckTimeTests.CheckCaseStatusTracking"/>
  <testcase name="checkCases" time="5.218" classname="EADCheckTimeTests.CheckCaseStatusTracking"/>
  <testcase name="checkCases" time="4.806" classname="EADCheckTimeTests.CheckCaseStatusTracking"/>
  <testcase name="checkCases" time="4.131" classname="EADCheckTimeTests.CheckCaseStatusTracking"/>
  <testcase name="checkCases" time="5.038" classname="EADCheckTimeTests.CheckCaseStatusTracking"/>
  <testcase name="checkCases" time="4.388" classname="EADCheckTimeTests.CheckCaseStatusTracking"/>
  <testcase name="checkCases" time="5.371" classname="EADCheckTimeTests.CheckCaseStatusTracking"/>
  <testcase name="checkCases" time="6.085" classname="EADCheckTimeTests.CheckCaseStatusTracking"/>
  <testcase name="checkCases" time="6.207" classname="EADCheckTimeTests.CheckCaseStatusTracking"/>
  <testcase name="checkCases" time="8.969" classname="EADCheckTimeTests.CheckCaseStatusTracking"/>
  <testcase name="checkCases" time="6.311" classname="EADCheckTimeTests.CheckCaseStatusTracking"/>
  <testcase name="checkCases" time="7.673" classname="EADCheckTimeTests.CheckCaseStatusTracking"/>
  <testcase name="checkCases" time="5.836" classname="EADCheckTimeTests.CheckCaseStatusTracking"/>
  <testcase name="checkCases" time="8.092" classname="EADCheckTimeTests.CheckCaseStatusTracking"/>
  <testcase name="checkCases" time="5.151" classname="EADCheckTimeTests.CheckCaseStatusTracking"/>
  <testcase name="checkCases" time="4.612" classname="EADCheckTimeTests.CheckCaseStatusTracking"/>
  <testcase name="checkCases" time="7.48" classname="EADCheckTimeTests.CheckCaseStatusTracking"/>
  <testcase name="checkCases" time="4.571" classname="EADCheckTimeTests.CheckCaseStatusTracking"/>
  <testcase name="checkCases" time="4.369" classname="EADCheckTimeTests.CheckCaseStatusTracking"/>
  <testcase name="checkCases" time="9.967" classname="EADCheckTimeTests.CheckCaseStatusTracking"/>
  <testcase name="checkCases" time="6.128" classname="EADCheckTimeTests.CheckCaseStatusTracking"/>
  <testcase name="checkCases" time="4.586" classname="EADCheckTimeTests.CheckCaseStatusTracking"/>
  <testcase name="checkCases" time="6.633" classname="EADCheckTimeTests.CheckCaseStatusTracking"/>
  <testcase name="checkCases" time="8.553" classname="EADCheckTimeTests.CheckCaseStatusTracking"/>
  <testcase name="checkCases" time="4.811" classname="EADCheckTimeTests.CheckCaseStatusTracking"/>
  <testcase name="checkCases" time="10.637" classname="EADCheckTimeTests.CheckCaseStatusTracking"/>
  <testcase name="checkCases" time="12.172" classname="EADCheckTimeTests.CheckCaseStatusTracking"/>
  <testcase name="checkCases" time="6.103" classname="EADCheckTimeTests.CheckCaseStatusTracking"/>
  <testcase name="checkCases" time="6.975" classname="EADCheckTimeTests.CheckCaseStatusTracking"/>
  <testcase name="checkCases" time="5.206" classname="EADCheckTimeTests.CheckCaseStatusTracking"/>
  <testcase name="checkCases" time="5.598" classname="EADCheckTimeTests.CheckCaseStatusTracking"/>
  <testcase name="checkCases" time="4.893" classname="EADCheckTimeTests.CheckCaseStatusTracking"/>
  <testcase name="checkCases" time="4.15" classname="EADCheckTimeTests.CheckCaseStatusTracking"/>
  <testcase name="checkCases" time="6.068" classname="EADCheckTimeTests.CheckCaseStatusTracking"/>
  <testcase name="checkCases" time="4.985" classname="EADCheckTimeTests.CheckCaseStatusTracking"/>
  <testcase name="checkCases" time="3.689" classname="EADCheckTimeTests.CheckCaseStatusTracking"/>
  <testcase name="checkCases" time="3.782" classname="EADCheckTimeTests.CheckCaseStatusTracking"/>
  <testcase name="checkCases" time="6.296" classname="EADCheckTimeTests.CheckCaseStatusTracking"/>
  <testcase name="checkCases" time="3.811" classname="EADCheckTimeTests.CheckCaseStatusTracking"/>
  <testcase name="checkCases" time="4.966" classname="EADCheckTimeTests.CheckCaseStatusTracking"/>
  <testcase name="checkCases" time="5.28" classname="EADCheckTimeTests.CheckCaseStatusTracking"/>
  <testcase name="checkCases" time="3.915" classname="EADCheckTimeTests.CheckCaseStatusTracking"/>
  <testcase name="checkCases" time="3.489" classname="EADCheckTimeTests.CheckCaseStatusTracking"/>
  <testcase name="checkCases" time="6.13" classname="EADCheckTimeTests.CheckCaseStatusTracking"/>
  <testcase name="checkCases" time="4.106" classname="EADCheckTimeTests.CheckCaseStatusTracking"/>
  <testcase name="checkCases" time="5.917" classname="EADCheckTimeTests.CheckCaseStatusTracking"/>
  <testcase name="checkCases" time="5.195" classname="EADCheckTimeTests.CheckCaseStatusTracking"/>
  <testcase name="checkCases" time="4.428" classname="EADCheckTimeTests.CheckCaseStatusTracking"/>
  <testcase name="checkCases" time="4.067" classname="EADCheckTimeTests.CheckCaseStatusTracking"/>
  <testcase name="checkCases" time="6.35" classname="EADCheckTimeTests.CheckCaseStatusTracking"/>
  <testcase name="checkCases" time="3.517" classname="EADCheckTimeTests.CheckCaseStatusTracking"/>
  <testcase name="checkCases" time="4.85" classname="EADCheckTimeTests.CheckCaseStatusTracking"/>
  <testcase name="checkCases" time="6.25" classname="EADCheckTimeTests.CheckCaseStatusTracking"/>
  <testcase name="checkCases" time="4.026" classname="EADCheckTimeTests.CheckCaseStatusTracking"/>
  <testcase name="checkCases" time="5.277" classname="EADCheckTimeTests.CheckCaseStatusTracking"/>
  <testcase name="checkCases" time="5.533" classname="EADCheckTimeTests.CheckCaseStatusTracking"/>
  <testcase name="checkCases" time="4.631" classname="EADCheckTimeTests.CheckCaseStatusTracking"/>
  <testcase name="checkCases" time="3.894" classname="EADCheckTimeTests.CheckCaseStatusTracking"/>
  <testcase name="checkCases" time="5.997" classname="EADCheckTimeTests.CheckCaseStatusTracking"/>
  <testcase name="checkCases" time="4.13" classname="EADCheckTimeTests.CheckCaseStatusTracking"/>
  <testcase name="checkCases" time="3.83" classname="EADCheckTimeTests.CheckCaseStatusTracking"/>
  <testcase name="checkCases" time="5.757" classname="EADCheckTimeTests.CheckCaseStatusTracking"/>
  <testcase name="checkCases" time="3.506" classname="EADCheckTimeTests.CheckCaseStatusTracking"/>
  <testcase name="checkCases" time="3.445" classname="EADCheckTimeTests.CheckCaseStatusTracking"/>
  <testcase name="checkCases" time="6.38" classname="EADCheckTimeTests.CheckCaseStatusTracking"/>
  <testcase name="checkCases" time="4.45" classname="EADCheckTimeTests.CheckCaseStatusTracking"/>
  <testcase name="checkCases" time="4.227" classname="EADCheckTimeTests.CheckCaseStatusTracking"/>
  <testcase name="checkCases" time="7.722" classname="EADCheckTimeTests.CheckCaseStatusTracking"/>
  <testcase name="checkCases" time="5.759" classname="EADCheckTimeTests.CheckCaseStatusTracking"/>
  <testcase name="checkCases" time="3.722" classname="EADCheckTimeTests.CheckCaseStatusTracking"/>
  <testcase name="checkCases" time="7.659" classname="EADCheckTimeTests.CheckCaseStatusTracking"/>
  <testcase name="checkCases" time="4.077" classname="EADCheckTimeTests.CheckCaseStatusTracking"/>
  <testcase name="checkCases" time="4.102" classname="EADCheckTimeTests.CheckCaseStatusTracking"/>
  <testcase name="checkCases" time="5.456" classname="EADCheckTimeTests.CheckCaseStatusTracking"/>
  <testcase name="checkCases" time="5.304" classname="EADCheckTimeTests.CheckCaseStatusTracking"/>
  <testcase name="checkCases" time="3.57" classname="EADCheckTimeTests.CheckCaseStatusTracking"/>
  <testcase name="checkCases" time="6.032" classname="EADCheckTimeTests.CheckCaseStatusTracking"/>
  <testcase name="checkCases" time="4.627" classname="EADCheckTimeTests.CheckCaseStatusTracking"/>
  <testcase name="checkCases" time="3.938" classname="EADCheckTimeTests.CheckCaseStatusTracking"/>
  <testcase name="checkCases" time="6.791" classname="EADCheckTimeTests.CheckCaseStatusTracking"/>
  <testcase name="checkCases" time="6.496" classname="EADCheckTimeTests.CheckCaseStatusTracking"/>
  <testcase name="checkCases" time="4.673" classname="EADCheckTimeTests.CheckCaseStatusTracking"/>
  <testcase name="checkCases" time="4.686" classname="EADCheckTimeTests.CheckCaseStatusTracking"/>
  <testcase name="checkCases" time="7.71" classname="EADCheckTimeTests.CheckCaseStatusTracking"/>
  <testcase name="checkCases" time="6.251" classname="EADCheckTimeTests.CheckCaseStatusTracking"/>
  <testcase name="checkCases" time="6.001" classname="EADCheckTimeTests.CheckCaseStatusTracking"/>
  <testcase name="checkCases" time="6.933" classname="EADCheckTimeTests.CheckCaseStatusTracking"/>
  <testcase name="checkCases" time="4.674" classname="EADCheckTimeTests.CheckCaseStatusTracking"/>
  <testcase name="checkCases" time="7.263" classname="EADCheckTimeTests.CheckCaseStatusTracking"/>
  <testcase name="checkCases" time="5.066" classname="EADCheckTimeTests.CheckCaseStatusTracking"/>
  <testcase name="checkCases" time="5.072" classname="EADCheckTimeTests.CheckCaseStatusTracking"/>
  <testcase name="checkCases" time="6.704" classname="EADCheckTimeTests.CheckCaseStatusTracking"/>
  <testcase name="checkCases" time="8.393" classname="EADCheckTimeTests.CheckCaseStatusTracking"/>
  <testcase name="checkCases" time="5.332" classname="EADCheckTimeTests.CheckCaseStatusTracking"/>
  <testcase name="checkCases" time="7.044" classname="EADCheckTimeTests.CheckCaseStatusTracking"/>
  <testcase name="checkCases" time="8.127" classname="EADCheckTimeTests.CheckCaseStatusTracking"/>
  <testcase name="checkCases" time="9.008" classname="EADCheckTimeTests.CheckCaseStatusTracking"/>
  <testcase name="checkCases" time="8.186" classname="EADCheckTimeTests.CheckCaseStatusTracking"/>
  <testcase name="checkCases" time="9.373" classname="EADCheckTimeTests.CheckCaseStatusTracking"/>
  <testcase name="checkCases" time="6.87" classname="EADCheckTimeTests.CheckCaseStatusTracking"/>
  <testcase name="checkCases" time="7.888" classname="EADCheckTimeTests.CheckCaseStatusTracking"/>
  <testcase name="checkCases" time="6.726" classname="EADCheckTimeTests.CheckCaseStatusTracking"/>
  <testcase name="checkCases" time="6.861" classname="EADCheckTimeTests.CheckCaseStatusTracking"/>
  <testcase name="checkCases" time="4.605" classname="EADCheckTimeTests.CheckCaseStatusTracking"/>
  <testcase name="checkCases" time="5.08" classname="EADCheckTimeTests.CheckCaseStatusTracking"/>
  <testcase name="checkCases" time="4.288" classname="EADCheckTimeTests.CheckCaseStatusTracking"/>
  <testcase name="checkCases" time="5.296" classname="EADCheckTimeTests.CheckCaseStatusTracking"/>
  <testcase name="checkCases" time="4.14" classname="EADCheckTimeTests.CheckCaseStatusTracking"/>
  <testcase name="checkCases" time="4.764" classname="EADCheckTimeTests.CheckCaseStatusTracking"/>
  <testcase name="checkCases" time="4.932" classname="EADCheckTimeTests.CheckCaseStatusTracking"/>
  <testcase name="checkCases" time="4.743" classname="EADCheckTimeTests.CheckCaseStatusTracking"/>
  <testcase name="checkCases" time="5.776" classname="EADCheckTimeTests.CheckCaseStatusTracking"/>
  <testcase name="checkCases" time="5.152" classname="EADCheckTimeTests.CheckCaseStatusTracking"/>
  <testcase name="checkCases" time="4.455" classname="EADCheckTimeTests.CheckCaseStatusTracking"/>
  <testcase name="checkCases" time="4.747" classname="EADCheckTimeTests.CheckCaseStatusTracking"/>
  <testcase name="checkCases" time="4.516" classname="EADCheckTimeTests.CheckCaseStatusTracking"/>
  <testcase name="checkCases" time="4.464" classname="EADCheckTimeTests.CheckCaseStatusTracking"/>
  <testcase name="checkCases" time="4.87" classname="EADCheckTimeTests.CheckCaseStatusTracking"/>
  <testcase name="checkCases" time="6.137" classname="EADCheckTimeTests.CheckCaseStatusTracking"/>
  <testcase name="checkCases" time="5.394" classname="EADCheckTimeTests.CheckCaseStatusTracking"/>
  <testcase name="checkCases" time="4.578" classname="EADCheckTimeTests.CheckCaseStatusTracking"/>
  <testcase name="checkCases" time="6.194" classname="EADCheckTimeTests.CheckCaseStatusTracking"/>
  <testcase name="checkCases" time="3.922" classname="EADCheckTimeTests.CheckCaseStatusTracking"/>
  <testcase name="checkCases" time="5.167" classname="EADCheckTimeTests.CheckCaseStatusTracking"/>
  <testcase name="checkCases" time="5.629" classname="EADCheckTimeTests.CheckCaseStatusTracking"/>
  <testcase name="checkCases" time="4.277" classname="EADCheckTimeTests.CheckCaseStatusTracking"/>
  <testcase name="checkCases" time="5.259" classname="EADCheckTimeTests.CheckCaseStatusTracking"/>
  <testcase name="checkCases" time="6.958" classname="EADCheckTimeTests.CheckCaseStatusTracking"/>
  <testcase name="checkCases" time="3.682" classname="EADCheckTimeTests.CheckCaseStatusTracking"/>
  <testcase name="checkCases" time="4.2" classname="EADCheckTimeTests.CheckCaseStatusTracking"/>
  <testcase name="checkCases" time="6.054" classname="EADCheckTimeTests.CheckCaseStatusTracking"/>
  <testcase name="checkCases" time="3.772" classname="EADCheckTimeTests.CheckCaseStatusTracking"/>
  <testcase name="checkCases" time="5.373" classname="EADCheckTimeTests.CheckCaseStatusTracking"/>
  <testcase name="checkCases" time="5.397" classname="EADCheckTimeTests.CheckCaseStatusTracking"/>
  <testcase name="checkCases" time="4.149" classname="EADCheckTimeTests.CheckCaseStatusTracking"/>
  <testcase name="checkCases" time="4.454" classname="EADCheckTimeTests.CheckCaseStatusTracking"/>
  <testcase name="checkCases" time="7.163" classname="EADCheckTimeTests.CheckCaseStatusTracking"/>
  <testcase name="checkCases" time="3.755" classname="EADCheckTimeTests.CheckCaseStatusTracking"/>
  <testcase name="checkCases" time="4.327" classname="EADCheckTimeTests.CheckCaseStatusTracking"/>
  <testcase name="checkCases" time="6.304" classname="EADCheckTimeTests.CheckCaseStatusTracking"/>
  <testcase name="checkCases" time="4.183" classname="EADCheckTimeTests.CheckCaseStatusTracking"/>
  <testcase name="checkCases" time="3.679" classname="EADCheckTimeTests.CheckCaseStatusTracking"/>
  <testcase name="checkCases" time="5.054" classname="EADCheckTimeTests.CheckCaseStatusTracking"/>
  <testcase name="checkCases" time="5.586" classname="EADCheckTimeTests.CheckCaseStatusTracking"/>
  <testcase name="checkCases" time="3.364" classname="EADCheckTimeTests.CheckCaseStatusTracking"/>
  <testcase name="checkCases" time="6.288" classname="EADCheckTimeTests.CheckCaseStatusTracking"/>
</testsuite> <!-- Test -->
