<?xml version="1.0" encoding="UTF-8"?>
<!-- Generated by org.testng.reporters.JUnitXMLReporter -->
<testsuite hostname="Sheenas-MacBook-Air.local" name="Test" tests="4" failures="0" timestamp="10 Mar 2022 23:24:22 GMT" time="32.105" errors="0">
  <testcase name="checkMyCase" time="7.909" classname="EADCheckTimeTests.CheckCaseProcessingTimes"/>
  <testcase name="checkMyCase" time="7.109" classname="EADCheckTimeTests.CheckCaseProcessingTimes"/>
  <testcase name="checkMyCase" time="2.739" classname="EADCheckTimeTests.CheckCaseStatus"/>
  <testcase name="checkMyCase" time="2.519" classname="EADCheckTimeTests.CheckCaseStatus"/>
</testsuite> <!-- Test -->
