<?xml version="1.0" encoding="UTF-8"?>
<testsuite xmlns:xsi="http://www.w3.org/2001/XMLSchema-instance" xsi:noNamespaceSchemaLocation="https://maven.apache.org/surefire/maven-surefire-plugin/xsd/surefire-test-report-3.0.xsd" version="3.0" name="TestSuite" time="35.515" tests="4" errors="0" skipped="0" failures="0">
  <properties>
[...]
</properties>
  <testcase name="checkMyCase[California, I-765 | Application for Employment Authorization, Based on being an H-4 spouse of an H-1B nonimmigrant (Standalone; not filed with I-539 H4) [(c)(26)]](1)" classname="EADCheckTimeTests.CheckCaseProcessingTimes" time="7.867">
    <system-err><![CDATA[SLF4J: Failed to load class "org.slf4j.impl.StaticLoggerBinder".
SLF4J: Defaulting to no-operation (NOP) logger implementation
SLF4J: See http://www.slf4j.org/codes.html#StaticLoggerBinder for further details.
Starting ChromeDriver 98.0.4758.102 (273bf7ac8c909cde36982d27f66f3c70846a3718-refs/branch-heads/4758@{#1151}) on port 12855
Only local connections are allowed.
Please see https://chromedriver.chromium.org/security-considerations for suggestions on keeping ChromeDriver safe.
ChromeDriver was started successfully.
[1646954632.044][WARNING]: This version of ChromeDriver has not been tested with Chrome version 99.
Mar 10, 2022 3:23:52 PM org.openqa.selenium.remote.ProtocolHandshake createSession
INFO: Detected dialect: W3C
Starting ChromeDriver 98.0.4758.102 (273bf7ac8c909cde36982d27f66f3c70846a3718-refs/branch-heads/4758@{#1151}) on port 39470
Only local connections are allowed.
Please see https://chromedriver.chromium.org/security-considerations for suggestions on keeping ChromeDriver safe.
ChromeDriver was started successfully.
[1646954636.815][WARNING]: This version of ChromeDriver has not been tested with Chrome version 99.
Mar 10, 2022 3:23:57 PM org.openqa.selenium.remote.ProtocolHandshake createSession
INFO: Detected dialect: W3C
]]></system-err>
  </testcase>
  <testcase name="checkMyCase[Vermont, I-765 | Application for Employment Authorization, Based on being an H-4 spouse of an H-1B nonimmigrant (Standalone; not filed with I-539 H4) [(c)(26)]](2)" classname="EADCheckTimeTests.CheckCaseProcessingTimes" time="7.112"/>
  <testcase name="checkMyCase[EAC2290038985](1)" classname="EADCheckTimeTests.CheckCaseStatus" time="2.74"/>
  <testcase name="checkMyCase[MCT2108295109](2)" classname="EADCheckTimeTests.CheckCaseStatus" time="2.523"/>
</testsuite>